#
# A fatal error has been detected by the Java Runtime Environment:
#
#  EXCEPTION_ACCESS_VIOLATION (0xc0000005) at pc=0x00007ff898414fc6, pid=7616, tid=15028
#
# JRE version: OpenJDK Runtime Environment Temurin-17.0.10+7 (17.0.10+7) (build 17.0.10+7)
# Java VM: OpenJDK 64-Bit Server VM Temurin-17.0.10+7 (17.0.10+7, mixed mode, sharing, tiered, compressed oops, compressed class ptrs, g1 gc, windows-amd64)
# Problematic frame:
# C  [ig8icd64.dll+0x1b4fc6]
#
# No core dump will be written. Minidumps are not enabled by default on client versions of Windows
#
# If you would like to submit a bug report, please visit:
#   https://github.com/adoptium/adoptium-support/issues
# The crash happened outside the Java Virtual Machine in native code.
# See problematic frame for where to report the bug.
#

---------------  S U M M A R Y ------------

Command Line: -Dforge.enableGameTest=true -Dforge.enabledGameTestNamespaces=energynotincluded -Dforge.logging.console.level=debug -Dforge.logging.markers=REGISTRIES -DignoreList=bootstraplauncher,securejarhandler,asm-commons,asm-util,asm-analysis,asm-tree,asm,JarJarFileSystems,client-extra,fmlcore,javafmllanguage,lowcodelanguage,mclanguage,forge- -Djava.net.preferIPv6Addresses=system -DlegacyClassPath.file=C:\Users\VTP\Desktop\mdk\build\classpath\runClient_minecraftClasspath.txt -DmergeModules=jna-5.10.0.jar,jna-platform-5.10.0.jar --module-path=C:\Users\VTP\.gradle\caches\modules-2\files-2.1\cpw.mods\bootstraplauncher\1.1.2\c546e00443d8432cda6baa1c860346980742628\bootstraplauncher-1.1.2.jar;C:\Users\VTP\.gradle\caches\modules-2\files-2.1\cpw.mods\securejarhandler\2.1.10\51e6a22c6c716beb11e244bf5b8be480f51dd6b5\securejarhandler-2.1.10.jar;C:\Users\VTP\.gradle\caches\modules-2\files-2.1\org.ow2.asm\asm-commons\9.5\19ab5b5800a3910d30d3a3e64fdb00fd0cb42de0\asm-commons-9.5.jar;C:\Users\VTP\.gradle\caches\modules-2\files-2.1\org.ow2.asm\asm-util\9.5\64b5a1fc8c1b15ed2efd6a063e976bc8d3dc5ffe\asm-util-9.5.jar;C:\Users\VTP\.gradle\caches\modules-2\files-2.1\org.ow2.asm\asm-analysis\9.5\490bacc77de7cbc0be1a30bb3471072d705be4a4\asm-analysis-9.5.jar;C:\Users\VTP\.gradle\caches\modules-2\files-2.1\org.ow2.asm\asm-tree\9.5\fd33c8b6373abaa675be407082fdfda35021254a\asm-tree-9.5.jar;C:\Users\VTP\.gradle\caches\modules-2\files-2.1\org.ow2.asm\asm\9.5\dc6ea1875f4d64fbc85e1691c95b96a3d8569c90\asm-9.5.jar;C:\Users\VTP\.gradle\caches\modules-2\files-2.1\net.minecraftforge\JarJarFileSystems\0.3.19\2464eb7d6b9ddb9db36a82cf8a95193e5c6fe020\JarJarFileSystems-0.3.19.jar --add-modules=ALL-MODULE-PATH --add-opens=java.base/java.util.jar=cpw.mods.securejarhandler --add-opens=java.base/java.lang.invoke=cpw.mods.securejarhandler --add-exports=java.base/sun.security.util=cpw.mods.securejarhandler --add-exports=jdk.naming.dns/com.sun.jndi.dns=java.naming -XX:HeapDumpPath=MojangTricksIntelDriversForPerformance_javaw.exe_minecraft.exe.heapdump -Dfile.encoding=windows-1252 -Duser.country=US -Duser.language=en -Duser.variant cpw.mods.bootstraplauncher.BootstrapLauncher --launchTarget forgeclientuserdev --version MOD_DEV --assetIndex 5 --assetsDir C:\Users\VTP\.gradle\caches\forge_gradle\assets --gameDir . --fml.forgeVersion 47.0.19 --fml.mcVersion 1.20.1 --fml.forgeGroup net.minecraftforge --fml.mcpVersion 20230612.114412

Host: Intel(R) Core(TM) i5-5200U CPU @ 2.20GHz, 4 cores, 7G,  Windows 10 , 64 bit Build 19041 (10.0.19041.3636)
Time: Thu May  2 22:42:37 2024 SE Asia Standard Time elapsed time: 21.444296 seconds (0d 0h 0m 21s)

---------------  T H R E A D  ---------------

Current thread (0x000001d686504360):  JavaThread "pool-2-thread-1" daemon [_thread_in_native, id=15028, stack(0x00000074fb000000,0x00000074fb100000)]

Stack: [0x00000074fb000000,0x00000074fb100000],  sp=0x00000074fb0fe7f0,  free space=1017k
Native frames: (J=compiled Java code, j=interpreted, Vv=VM code, C=native code)
C  [ig8icd64.dll+0x1b4fc6]

Java frames: (J=compiled Java code, j=interpreted, Vv=VM code)
j  org.lwjgl.opengl.GL30C.glBlitFramebuffer(IIIIIIIIII)V+0 org.lwjgl.opengl@3.3.1+7
j  net.minecraftforge.fml.earlydisplay.EarlyFramebuffer.draw(II)V+242 fmlearlydisplay@1.20.1-47.0.19
j  net.minecraftforge.fml.earlydisplay.DisplayWindow.renderThreadFunc()V+166 fmlearlydisplay@1.20.1-47.0.19
j  net.minecraftforge.fml.earlydisplay.DisplayWindow$$Lambda$515+0x000001d64024f0c8.run()V+4 fmlearlydisplay@1.20.1-47.0.19
j  java.util.concurrent.Executors$RunnableAdapter.call()Ljava/lang/Object;+4 java.base@17.0.10
j  java.util.concurrent.FutureTask.runAndReset()Z+44 java.base@17.0.10
j  java.util.concurrent.ScheduledThreadPoolExecutor$ScheduledFutureTask.run()V+35 java.base@17.0.10
j  java.util.concurrent.ThreadPoolExecutor.runWorker(Ljava/util/concurrent/ThreadPoolExecutor$Worker;)V+92 java.base@17.0.10
j  java.util.concurrent.ThreadPoolExecutor$Worker.run()V+5 java.base@17.0.10
j  java.lang.Thread.run()V+11 java.base@17.0.10
v  ~StubRoutines::call_stub

siginfo: EXCEPTION_ACCESS_VIOLATION (0xc0000005), reading address 0x0000000000000010


Registers:
RAX=0x000001d6858f21a8, RBX=0x000001d684d75340, RCX=0x0000000000000000, RDX=0x000001d6862514c0
RSP=0x00000074fb0fe7f0, RBP=0x00000074fb0fe920, RSI=0x0000000000000001, RDI=0x000001d63e699750
R8 =0x0000000000000001, R9 =0x000001d684bc1700, R10=0x0000000000000000, R11=0x0000000000000356
R12=0x0000000000000000, R13=0x0000000000002600, R14=0x000001d6862514c0, R15=0x0000000000000001
RIP=0x00007ff898414fc6, EFLAGS=0x0000000000010206


Register to memory mapping:

RIP=0x00007ff898414fc6 ig8icd64.dll
RAX=0x000001d6858f21a8 points into unknown readable memory: 0x0000000000000901 | 01 09 00 00 00 00 00 00
RBX=0x000001d684d75340 points into unknown readable memory: 0x0000000000000000 | 00 00 00 00 00 00 00 00
RCX=0x0 is NULL
RDX=0x000001d6862514c0 points into unknown readable memory: 0x000001d686382280 | 80 22 38 86 d6 01 00 00
RSP=0x00000074fb0fe7f0 is pointing into the stack for thread: 0x000001d686504360
RBP=0x00000074fb0fe920 is pointing into the stack for thread: 0x000001d686504360
RSI=0x0000000000000001 is an unknown value
RDI=0x000001d63e699750 points into unknown readable memory: 0x000001d68504fce0 | e0 fc 04 85 d6 01 00 00
R8 =0x0000000000000001 is an unknown value
R9 =0x000001d684bc1700 points into unknown readable memory: 0x0000000000000000 | 00 00 00 00 00 00 00 00
R10=0x0 is NULL
R11=0x0000000000000356 is an unknown value
R12=0x0 is NULL
R13=0x0000000000002600 is an unknown value
R14=0x000001d6862514c0 points into unknown readable memory: 0x000001d686382280 | 80 22 38 86 d6 01 00 00
R15=0x0000000000000001 is an unknown value


Top of Stack: (sp=0x00000074fb0fe7f0)
0x00000074fb0fe7f0:   000052f1c42ebb36 000001d6862514c0
0x00000074fb0fe800:   0000000200000022 00000074f902c800
0x00000074fb0fe810:   000001d684d75340 00007ff8984736cf
0x00000074fb0fe820:   000001d684d75340 0000000000000001
0x00000074fb0fe830:   00000000020ff58d 00007ff8db5b372b
0x00000074fb0fe840:   000001d61e670000 0000000000000000
0x00000074fb0fe850:   0000007400000002 00007ff8db5b2218
0x00000074fb0fe860:   0000000000000001 0000000000000000
0x00000074fb0fe870:   0000000000000020 0000000000000046
0x00000074fb0fe880:   0000000000000000 00000000ffffffff
0x00000074fb0fe890:   000001d685a916d0 00007ff8dc7f47b1
0x00000074fb0fe8a0:   0000000000000002 000001d61e6e0000
0x00000074fb0fe8b0:   0000000000000001 0000000000000000
0x00000074fb0fe8c0:   0000000000000000 0000000000000046
0x00000074fb0fe8d0:   000001d685a916d0 00007ff8db5a8ade
0x00000074fb0fe8e0:   00000074fb0fe980 000000000000007c
0x00000074fb0fe8f0:   000001d685a916d0 00007ff8dac10000
0x00000074fb0fe900:   0000000000000001 0000000000000000
0x00000074fb0fe910:   0000000000000000 000001d684f3b110
0x00000074fb0fe920:   ffffffffffea0ebd 0001ea0100001dc0
0x00000074fb0fe930:   000001d686504360 000001d6862514c0
0x00000074fb0fe940:   000001d680fd7248 0000000000000000
0x00000074fb0fe950:   000000000000009c 00007ff8988af138
0x00000074fb0fe960:   3f8000003f800000 0000000000000000
0x00000074fb0fe970:   3f80000000000000 3f8000003f800000
0x00000074fb0fe980:   0000000000000000 3f80000000000000
0x00000074fb0fe990:   3f8000003f800000 0000000000000000
0x00000074fb0fe9a0:   3f80000000000000 00000000207c00a0
0x00000074fb0fe9b0:   0000000000000000 0000000000000000
0x00000074fb0fe9c0:   0000000000000000 00007ff89827e3c4
0x00000074fb0fe9d0:   0000000000000000 0000000000000000
0x00000074fb0fe9e0:   000001d684bc1700 0000055600000020 

Instructions: (pc=0x00007ff898414fc6)
0x00007ff898414ec6:   1f 4d 8b c6 48 8b 81 70 01 00 00 48 8b d6 ff 50
0x00007ff898414ed6:   38 48 8b fb 48 85 db 75 e1 48 8b 85 70 04 00 00
0x00007ff898414ee6:   4c 8b 74 24 30 48 8b 48 60 48 85 c9 74 1f 8b 41
0x00007ff898414ef6:   10 39 85 74 03 00 00 74 14 48 b8 00 00 00 00 00
0x00007ff898414f06:   01 04 00 48 09 46 30 89 9d c0 02 00 00 48 8b 0d
0x00007ff898414f16:   ae c5 aa 00 ff 15 18 35 71 00 48 8b 5c 24 38 48
0x00007ff898414f26:   8b 6c 24 40 48 8b 74 24 48 48 83 c4 20 5f c3 cc
0x00007ff898414f36:   cc cc cc cc cc cc cc cc cc cc 48 83 ec 28 48 85
0x00007ff898414f46:   d2 74 12 80 7a 24 00 74 0c 48 8d 05 3a 01 a7 00
0x00007ff898414f56:   48 83 c4 28 c3 e8 f0 01 00 00 48 85 c0 75 0c 48
0x00007ff898414f66:   8d 05 d4 32 ab 00 48 83 c4 28 c3 48 05 60 01 00
0x00007ff898414f76:   00 48 83 c4 28 c3 cc cc cc cc 44 8b 49 0c 45 85
0x00007ff898414f86:   c9 74 0b 41 ff c9 74 03 32 c0 c3 b0 01 c3 83 79
0x00007ff898414f96:   08 03 75 05 45 84 c0 75 0c 80 ba a0 f8 02 00 01
0x00007ff898414fa6:   74 03 33 c0 c3 b8 01 00 00 00 c3 cc cc cc cc cc
0x00007ff898414fb6:   cc cc cc cc cc cc cc cc cc cc 40 53 48 83 ec 20
0x00007ff898414fc6:   8b 41 10 48 8d 59 20 39 03 74 35 48 8b 91 80 00
0x00007ff898414fd6:   00 00 48 85 d2 74 15 48 8b 52 20 4c 8b c3 e8 27
0x00007ff898414fe6:   00 00 00 48 8b c3 48 83 c4 20 5b c3 48 8b 91 88
0x00007ff898414ff6:   00 00 00 48 85 d2 75 df 4c 8b c3 e8 0a 00 00 00
0x00007ff898415006:   48 8b c3 48 83 c4 20 5b c3 cc 48 89 5c 24 08 48
0x00007ff898415016:   89 74 24 10 57 48 83 ec 20 49 8b f8 48 8b da 33
0x00007ff898415026:   d2 48 8b f1 44 8d 42 60 48 8b cf e8 fa 8c 4a 00
0x00007ff898415036:   48 8b 86 90 00 00 00 48 89 47 08 8b 86 4c 01 00
0x00007ff898415046:   00 48 89 5f 28 ff c8 89 47 14 8b 86 50 01 00 00
0x00007ff898415056:   48 8b 4b 08 89 47 18 8b 86 54 01 00 00 89 47 1c
0x00007ff898415066:   8b 86 58 01 00 00 89 47 20 e8 3c d0 4c 00 33 db
0x00007ff898415076:   ff c8 74 32 ff c8 74 27 ff c8 74 1c ff c8 74 11
0x00007ff898415086:   83 f8 02 74 05 8d 43 07 eb 1e b8 04 00 00 00 eb
0x00007ff898415096:   17 b8 03 00 00 00 eb 10 b8 02 00 00 00 eb 09 b8
0x00007ff8984150a6:   01 00 00 00 eb 02 8b c3 89 47 10 83 7e 08 01 77
0x00007ff8984150b6:   15 48 8b 4f 28 48 8b 49 08 e8 2c d0 4c 00 85 c0 


Stack slot to memory mapping:
stack at sp + 0 slots: 0x000052f1c42ebb36 is an unknown value
stack at sp + 1 slots: 0x000001d6862514c0 points into unknown readable memory: 0x000001d686382280 | 80 22 38 86 d6 01 00 00
stack at sp + 2 slots: 0x0000000200000022 is an unknown value
stack at sp + 3 slots: 0x00000074f902c800 points into unknown readable memory: 0x0000000000000008 | 08 00 00 00 00 00 00 00
stack at sp + 4 slots: 0x000001d684d75340 points into unknown readable memory: 0x0000000000000000 | 00 00 00 00 00 00 00 00
stack at sp + 5 slots: 0x00007ff8984736cf ig8icd64.dll
stack at sp + 6 slots: 0x000001d684d75340 points into unknown readable memory: 0x0000000000000000 | 00 00 00 00 00 00 00 00
stack at sp + 7 slots: 0x0000000000000001 is an unknown value


---------------  P R O C E S S  ---------------

Threads class SMR info:
_java_thread_list=0x000001d70f357990, length=17, elements={
0x000001d620802200, 0x000001d63e342e10, 0x000001d63e343ba0, 0x000001d63e35c0d0,
0x000001d63e35cba0, 0x000001d63e35d670, 0x000001d63e368f70, 0x000001d63e36f130,
0x000001d63e371b00, 0x000001d63e384be0, 0x000001d63e5589d0, 0x000001d63e652c20,
0x000001d686504360, 0x000001d686e51950, 0x000001d686e53cc0, 0x000001d686e54bf0,
0x000001d684ef5590
}

Java Threads: ( => current thread )
  0x000001d620802200 JavaThread "main" [_thread_blocked, id=4172, stack(0x00000074f9600000,0x00000074f9700000)]
  0x000001d63e342e10 JavaThread "Reference Handler" daemon [_thread_blocked, id=352, stack(0x00000074f9d00000,0x00000074f9e00000)]
  0x000001d63e343ba0 JavaThread "Finalizer" daemon [_thread_blocked, id=6076, stack(0x00000074f9e00000,0x00000074f9f00000)]
  0x000001d63e35c0d0 JavaThread "Signal Dispatcher" daemon [_thread_blocked, id=3336, stack(0x00000074f9f00000,0x00000074fa000000)]
  0x000001d63e35cba0 JavaThread "Attach Listener" daemon [_thread_blocked, id=14016, stack(0x00000074fa000000,0x00000074fa100000)]
  0x000001d63e35d670 JavaThread "Service Thread" daemon [_thread_blocked, id=260, stack(0x00000074fa100000,0x00000074fa200000)]
  0x000001d63e368f70 JavaThread "Monitor Deflation Thread" daemon [_thread_blocked, id=1888, stack(0x00000074fa200000,0x00000074fa300000)]
  0x000001d63e36f130 JavaThread "C2 CompilerThread0" daemon [_thread_in_native, id=13524, stack(0x00000074fa300000,0x00000074fa400000)]
  0x000001d63e371b00 JavaThread "C1 CompilerThread0" daemon [_thread_blocked, id=8508, stack(0x00000074fa400000,0x00000074fa500000)]
  0x000001d63e384be0 JavaThread "Sweeper thread" daemon [_thread_blocked, id=12688, stack(0x00000074fa500000,0x00000074fa600000)]
  0x000001d63e5589d0 JavaThread "Common-Cleaner" daemon [_thread_blocked, id=4252, stack(0x00000074fa600000,0x00000074fa700000)]
  0x000001d63e652c20 JavaThread "Notification Thread" daemon [_thread_blocked, id=7044, stack(0x00000074fa800000,0x00000074fa900000)]
=>0x000001d686504360 JavaThread "pool-2-thread-1" daemon [_thread_in_native, id=15028, stack(0x00000074fb000000,0x00000074fb100000)]
  0x000001d686e51950 JavaThread "pool-3-thread-1" daemon [_thread_blocked, id=4168, stack(0x00000074fb600000,0x00000074fb700000)]
  0x000001d686e53cc0 JavaThread "JNA Cleaner" daemon [_thread_blocked, id=15336, stack(0x00000074fa700000,0x00000074fa800000)]
  0x000001d686e54bf0 JavaThread "pool-4-thread-1" [_thread_in_Java, id=736, stack(0x00000074fba00000,0x00000074fbb00000)]
  0x000001d684ef5590 JavaThread "C2 CompilerThread1" daemon [_thread_in_native, id=1780, stack(0x00000074fb800000,0x00000074fb900000)]

Other Threads:
  0x000001d63e33ca20 VMThread "VM Thread" [stack: 0x00000074f9c00000,0x00000074f9d00000] [id=5796]
  0x000001d6208031c0 WatcherThread [stack: 0x00000074fa900000,0x00000074faa00000] [id=1576]
  0x000001d62085c920 GCTaskThread "GC Thread#0" [stack: 0x00000074f9700000,0x00000074f9800000] [id=8708]
  0x000001d63e8ae840 GCTaskThread "GC Thread#1" [stack: 0x00000074faa00000,0x00000074fab00000] [id=14196]
  0x000001d63e8aeb00 GCTaskThread "GC Thread#2" [stack: 0x00000074fab00000,0x00000074fac00000] [id=5056]
  0x000001d6842054e0 GCTaskThread "GC Thread#3" [stack: 0x00000074fac00000,0x00000074fad00000] [id=4768]
  0x000001d62086e4d0 ConcurrentGCThread "G1 Main Marker" [stack: 0x00000074f9800000,0x00000074f9900000] [id=14560]
  0x000001d62086fe10 ConcurrentGCThread "G1 Conc#0" [stack: 0x00000074f9900000,0x00000074f9a00000] [id=5916]
  0x000001d62089de50 ConcurrentGCThread "G1 Refine#0" [stack: 0x00000074f9a00000,0x00000074f9b00000] [id=6624]
  0x000001d684d251a0 ConcurrentGCThread "G1 Refine#1" [stack: 0x00000074fb700000,0x00000074fb800000] [id=1940]
  0x000001d62089e790 ConcurrentGCThread "G1 Service" [stack: 0x00000074f9b00000,0x00000074f9c00000] [id=10476]

Threads with active compile tasks:
C2 CompilerThread0    28986 9092       4       org.objectweb.asm.tree.Util::asArrayList (34 bytes)
C1 CompilerThread0    29002 9110       3       net.minecraft.world.level.block.state.BlockBehaviour$Properties::strength (10 bytes)
C2 CompilerThread1    29005 8908       4       org.objectweb.asm.ClassReader::readCode (5117 bytes)

VM state: not at safepoint (normal execution)

VM Mutex/Monitor currently owned by a thread: None

Heap address: 0x0000000081600000, size: 2026 MB, Compressed Oops mode: 32-bit

CDS archive(s) mapped at: [0x000001d63f000000-0x000001d63fbb0000-0x000001d63fbb0000), size 12255232, SharedBaseAddress: 0x000001d63f000000, ArchiveRelocationMode: 1.
Compressed class space mapped at: 0x000001d640000000-0x000001d680000000, reserved size: 1073741824
Narrow klass base: 0x000001d63f000000, Narrow klass shift: 0, Narrow klass range: 0x100000000

GC Precious Log:
 CPUs: 4 total, 4 available
 Memory: 8101M
 Large Page Support: Disabled
 NUMA Support: Disabled
 Compressed Oops: Enabled (32-bit)
 Heap Region Size: 1M
 Heap Min Capacity: 8M
 Heap Initial Capacity: 128M
 Heap Max Capacity: 2026M
 Pre-touch: Disabled
 Parallel Workers: 4
 Concurrent Workers: 1
 Concurrent Refinement Workers: 4
 Periodic GC: Disabled

Heap:
 garbage-first heap   total 236544K, used 111201K [0x0000000081600000, 0x0000000100000000)
  region size 1024K, 15 young (15360K), 14 survivors (14336K)
 Metaspace       used 46926K, committed 48256K, reserved 1114112K
  class space    used 5928K, committed 6528K, reserved 1048576K

Heap Regions: E=young(eden), S=young(survivor), O=old, HS=humongous(starts), HC=humongous(continues), CS=collection set, F=free, OA=open archive, CA=closed archive, TAMS=top-at-mark-start (previous, next)
|   0|0x0000000081600000, 0x0000000081700000, 0x0000000081700000|100%|HS|  |TAMS 0x0000000081700000, 0x0000000081600000| Complete 
|   1|0x0000000081700000, 0x0000000081800000, 0x0000000081800000|100%|HS|  |TAMS 0x0000000081800000, 0x0000000081700000| Complete 
|   2|0x0000000081800000, 0x0000000081900000, 0x0000000081900000|100%|HC|  |TAMS 0x0000000081900000, 0x0000000081800000| Complete 
|   3|0x0000000081900000, 0x0000000081a00000, 0x0000000081a00000|100%| O|  |TAMS 0x0000000081a00000, 0x0000000081900000| Untracked 
|   4|0x0000000081a00000, 0x0000000081b00000, 0x0000000081b00000|100%| O|  |TAMS 0x0000000081b00000, 0x0000000081a00000| Untracked 
|   5|0x0000000081b00000, 0x0000000081c00000, 0x0000000081c00000|100%| O|  |TAMS 0x0000000081c00000, 0x0000000081b00000| Untracked 
|   6|0x0000000081c00000, 0x0000000081d00000, 0x0000000081d00000|100%|HS|  |TAMS 0x0000000081d00000, 0x0000000081c00000| Complete 
|   7|0x0000000081d00000, 0x0000000081e00000, 0x0000000081e00000|100%|HC|  |TAMS 0x0000000081e00000, 0x0000000081d00000| Complete 
|   8|0x0000000081e00000, 0x0000000081f00000, 0x0000000081f00000|100%| O|  |TAMS 0x0000000081f00000, 0x0000000081e00000| Untracked 
|   9|0x0000000081f00000, 0x0000000082000000, 0x0000000082000000|100%| O|  |TAMS 0x0000000082000000, 0x0000000081f00000| Untracked 
|  10|0x0000000082000000, 0x0000000082100000, 0x0000000082100000|100%| O|  |TAMS 0x0000000082100000, 0x0000000082000000| Untracked 
|  11|0x0000000082100000, 0x0000000082200000, 0x0000000082200000|100%|HS|  |TAMS 0x0000000082200000, 0x0000000082100000| Complete 
|  12|0x0000000082200000, 0x0000000082300000, 0x0000000082300000|100%|HC|  |TAMS 0x0000000082300000, 0x0000000082200000| Complete 
|  13|0x0000000082300000, 0x0000000082400000, 0x0000000082400000|100%| O|  |TAMS 0x0000000082400000, 0x0000000082300000| Untracked 
|  14|0x0000000082400000, 0x0000000082500000, 0x0000000082500000|100%| O|  |TAMS 0x0000000082500000, 0x0000000082400000| Untracked 
|  15|0x0000000082500000, 0x0000000082600000, 0x0000000082600000|100%| O|  |TAMS 0x0000000082600000, 0x0000000082500000| Untracked 
|  16|0x0000000082600000, 0x0000000082700000, 0x0000000082700000|100%|HS|  |TAMS 0x0000000082700000, 0x0000000082600000| Complete 
|  17|0x0000000082700000, 0x0000000082800000, 0x0000000082800000|100%|HC|  |TAMS 0x0000000082800000, 0x0000000082700000| Complete 
|  18|0x0000000082800000, 0x0000000082900000, 0x0000000082900000|100%| O|  |TAMS 0x0000000082900000, 0x0000000082800000| Untracked 
|  19|0x0000000082900000, 0x0000000082a00000, 0x0000000082a00000|100%| O|  |TAMS 0x0000000082a00000, 0x0000000082900000| Untracked 
|  20|0x0000000082a00000, 0x0000000082b00000, 0x0000000082b00000|100%| O|  |TAMS 0x0000000082b00000, 0x0000000082a00000| Untracked 
|  21|0x0000000082b00000, 0x0000000082c00000, 0x0000000082c00000|100%| O|  |TAMS 0x0000000082c00000, 0x0000000082b00000| Untracked 
|  22|0x0000000082c00000, 0x0000000082d00000, 0x0000000082d00000|100%| O|  |TAMS 0x0000000082d00000, 0x0000000082c00000| Untracked 
|  23|0x0000000082d00000, 0x0000000082e00000, 0x0000000082e00000|100%| O|  |TAMS 0x0000000082e00000, 0x0000000082d00000| Untracked 
|  24|0x0000000082e00000, 0x0000000082f00000, 0x0000000082f00000|100%| O|  |TAMS 0x0000000082f00000, 0x0000000082e00000| Untracked 
|  25|0x0000000082f00000, 0x0000000083000000, 0x0000000083000000|100%| O|  |TAMS 0x0000000083000000, 0x0000000082f00000| Untracked 
|  26|0x0000000083000000, 0x0000000083100000, 0x0000000083100000|100%| O|  |TAMS 0x0000000083100000, 0x0000000083000000| Untracked 
|  27|0x0000000083100000, 0x0000000083200000, 0x0000000083200000|100%| O|  |TAMS 0x0000000083200000, 0x0000000083100000| Untracked 
|  28|0x0000000083200000, 0x0000000083300000, 0x0000000083300000|100%| O|  |TAMS 0x0000000083300000, 0x0000000083200000| Untracked 
|  29|0x0000000083300000, 0x0000000083400000, 0x0000000083400000|100%| O|  |TAMS 0x0000000083400000, 0x0000000083300000| Untracked 
|  30|0x0000000083400000, 0x0000000083500000, 0x0000000083500000|100%| O|  |TAMS 0x0000000083500000, 0x0000000083400000| Untracked 
|  31|0x0000000083500000, 0x0000000083600000, 0x0000000083600000|100%|HS|  |TAMS 0x0000000083600000, 0x0000000083500000| Complete 
|  32|0x0000000083600000, 0x0000000083700000, 0x0000000083700000|100%|HS|  |TAMS 0x0000000083700000, 0x0000000083600000| Complete 
|  33|0x0000000083700000, 0x0000000083800000, 0x0000000083800000|100%|HC|  |TAMS 0x0000000083800000, 0x0000000083700000| Complete 
|  34|0x0000000083800000, 0x0000000083900000, 0x0000000083900000|100%|HS|  |TAMS 0x0000000083900000, 0x0000000083800000| Complete 
|  35|0x0000000083900000, 0x0000000083a00000, 0x0000000083a00000|100%| O|  |TAMS 0x0000000083a00000, 0x0000000083900000| Untracked 
|  36|0x0000000083a00000, 0x0000000083b00000, 0x0000000083b00000|100%| O|  |TAMS 0x0000000083b00000, 0x0000000083a00000| Untracked 
|  37|0x0000000083b00000, 0x0000000083c00000, 0x0000000083c00000|100%| O|  |TAMS 0x0000000083c00000, 0x0000000083b00000| Untracked 
|  38|0x0000000083c00000, 0x0000000083d00000, 0x0000000083d00000|100%| O|  |TAMS 0x0000000083d00000, 0x0000000083c00000| Untracked 
|  39|0x0000000083d00000, 0x0000000083e00000, 0x0000000083e00000|100%| O|  |TAMS 0x0000000083e00000, 0x0000000083d00000| Untracked 
|  40|0x0000000083e00000, 0x0000000083f00000, 0x0000000083f00000|100%| O|  |TAMS 0x0000000083f00000, 0x0000000083e00000| Untracked 
|  41|0x0000000083f00000, 0x0000000084000000, 0x0000000084000000|100%| O|  |TAMS 0x0000000084000000, 0x0000000083f00000| Untracked 
|  42|0x0000000084000000, 0x0000000084100000, 0x0000000084100000|100%| O|  |TAMS 0x0000000084100000, 0x0000000084000000| Untracked 
|  43|0x0000000084100000, 0x0000000084200000, 0x0000000084200000|100%| O|  |TAMS 0x0000000084200000, 0x0000000084100000| Untracked 
|  44|0x0000000084200000, 0x0000000084300000, 0x0000000084300000|100%| O|  |TAMS 0x0000000084300000, 0x0000000084200000| Untracked 
|  45|0x0000000084300000, 0x0000000084400000, 0x0000000084400000|100%| O|  |TAMS 0x0000000084400000, 0x0000000084300000| Untracked 
|  46|0x0000000084400000, 0x0000000084500000, 0x0000000084500000|100%| O|  |TAMS 0x0000000084500000, 0x0000000084400000| Untracked 
|  47|0x0000000084500000, 0x0000000084600000, 0x0000000084600000|100%| O|  |TAMS 0x0000000084600000, 0x0000000084500000| Untracked 
|  48|0x0000000084600000, 0x0000000084700000, 0x0000000084700000|100%| O|  |TAMS 0x0000000084700000, 0x0000000084600000| Untracked 
|  49|0x0000000084700000, 0x0000000084800000, 0x0000000084800000|100%| O|  |TAMS 0x0000000084800000, 0x0000000084700000| Untracked 
|  50|0x0000000084800000, 0x0000000084900000, 0x0000000084900000|100%| O|  |TAMS 0x0000000084900000, 0x0000000084800000| Untracked 
|  51|0x0000000084900000, 0x0000000084a00000, 0x0000000084a00000|100%| O|  |TAMS 0x0000000084a00000, 0x0000000084900000| Untracked 
|  52|0x0000000084a00000, 0x0000000084b00000, 0x0000000084b00000|100%| O|  |TAMS 0x0000000084b00000, 0x0000000084a00000| Untracked 
|  53|0x0000000084b00000, 0x0000000084c00000, 0x0000000084c00000|100%| O|  |TAMS 0x0000000084c00000, 0x0000000084b00000| Untracked 
|  54|0x0000000084c00000, 0x0000000084d00000, 0x0000000084d00000|100%| O|  |TAMS 0x0000000084d00000, 0x0000000084c00000| Untracked 
|  55|0x0000000084d00000, 0x0000000084e00000, 0x0000000084e00000|100%| O|  |TAMS 0x0000000084e00000, 0x0000000084d00000| Untracked 
|  56|0x0000000084e00000, 0x0000000084f00000, 0x0000000084f00000|100%| O|  |TAMS 0x0000000084f00000, 0x0000000084e00000| Untracked 
|  57|0x0000000084f00000, 0x0000000085000000, 0x0000000085000000|100%| O|  |TAMS 0x0000000085000000, 0x0000000084f00000| Untracked 
|  58|0x0000000085000000, 0x0000000085100000, 0x0000000085100000|100%| O|  |TAMS 0x0000000085100000, 0x0000000085000000| Untracked 
|  59|0x0000000085100000, 0x0000000085200000, 0x0000000085200000|100%| O|  |TAMS 0x0000000085200000, 0x0000000085100000| Untracked 
|  60|0x0000000085200000, 0x0000000085300000, 0x0000000085300000|100%| O|  |TAMS 0x0000000085300000, 0x0000000085200000| Untracked 
|  61|0x0000000085300000, 0x0000000085400000, 0x0000000085400000|100%| O|  |TAMS 0x0000000085400000, 0x0000000085300000| Untracked 
|  62|0x0000000085400000, 0x0000000085500000, 0x0000000085500000|100%| O|  |TAMS 0x0000000085500000, 0x0000000085400000| Untracked 
|  63|0x0000000085500000, 0x0000000085600000, 0x0000000085600000|100%| O|  |TAMS 0x00000000855e8400, 0x0000000085500000| Untracked 
|  64|0x0000000085600000, 0x0000000085700000, 0x0000000085700000|100%| O|  |TAMS 0x0000000085600000, 0x0000000085600000| Untracked 
|  65|0x0000000085700000, 0x0000000085800000, 0x0000000085800000|100%| O|  |TAMS 0x0000000085700000, 0x0000000085700000| Untracked 
|  66|0x0000000085800000, 0x0000000085900000, 0x0000000085900000|100%| O|  |TAMS 0x0000000085800000, 0x0000000085800000| Untracked 
|  67|0x0000000085900000, 0x0000000085a00000, 0x0000000085a00000|100%| O|  |TAMS 0x0000000085900000, 0x0000000085900000| Untracked 
|  68|0x0000000085a00000, 0x0000000085b00000, 0x0000000085b00000|100%| O|  |TAMS 0x0000000085a00000, 0x0000000085a00000| Untracked 
|  69|0x0000000085b00000, 0x0000000085c00000, 0x0000000085c00000|100%| O|  |TAMS 0x0000000085b00000, 0x0000000085b00000| Untracked 
|  70|0x0000000085c00000, 0x0000000085d00000, 0x0000000085d00000|100%| O|  |TAMS 0x0000000085d00000, 0x0000000085c00000| Untracked 
|  71|0x0000000085d00000, 0x0000000085e00000, 0x0000000085e00000|100%| O|  |TAMS 0x0000000085e00000, 0x0000000085d00000| Untracked 
|  72|0x0000000085e00000, 0x0000000085f00000, 0x0000000085f00000|100%| O|  |TAMS 0x0000000085f00000, 0x0000000085e00000| Untracked 
|  73|0x0000000085f00000, 0x0000000086000000, 0x0000000086000000|100%| O|  |TAMS 0x0000000086000000, 0x0000000085f00000| Untracked 
|  74|0x0000000086000000, 0x0000000086100000, 0x0000000086100000|100%| O|  |TAMS 0x0000000086100000, 0x0000000086000000| Untracked 
|  75|0x0000000086100000, 0x0000000086200000, 0x0000000086200000|100%| O|  |TAMS 0x0000000086200000, 0x0000000086100000| Untracked 
|  76|0x0000000086200000, 0x0000000086300000, 0x0000000086300000|100%| O|  |TAMS 0x0000000086300000, 0x0000000086200000| Untracked 
|  77|0x0000000086300000, 0x0000000086400000, 0x0000000086400000|100%|HS|  |TAMS 0x0000000086300000, 0x0000000086300000| Complete 
|  78|0x0000000086400000, 0x0000000086500000, 0x0000000086500000|100%|HC|  |TAMS 0x0000000086400000, 0x0000000086400000| Complete 
|  79|0x0000000086500000, 0x0000000086600000, 0x0000000086600000|100%|HC|  |TAMS 0x0000000086500000, 0x0000000086500000| Complete 
|  80|0x0000000086600000, 0x0000000086700000, 0x0000000086700000|100%|HC|  |TAMS 0x0000000086600000, 0x0000000086600000| Complete 
|  81|0x0000000086700000, 0x0000000086800000, 0x0000000086800000|100%|HC|  |TAMS 0x0000000086700000, 0x0000000086700000| Complete 
|  82|0x0000000086800000, 0x0000000086900000, 0x0000000086900000|100%|HC|  |TAMS 0x0000000086800000, 0x0000000086800000| Complete 
|  83|0x0000000086900000, 0x0000000086a00000, 0x0000000086a00000|100%|HC|  |TAMS 0x0000000086900000, 0x0000000086900000| Complete 
|  84|0x0000000086a00000, 0x0000000086b00000, 0x0000000086b00000|100%|HC|  |TAMS 0x0000000086a00000, 0x0000000086a00000| Complete 
|  85|0x0000000086b00000, 0x0000000086c00000, 0x0000000086c00000|100%|HC|  |TAMS 0x0000000086b00000, 0x0000000086b00000| Complete 
|  86|0x0000000086c00000, 0x0000000086d00000, 0x0000000086d00000|100%|HC|  |TAMS 0x0000000086c00000, 0x0000000086c00000| Complete 
|  87|0x0000000086d00000, 0x0000000086e00000, 0x0000000086e00000|100%|HC|  |TAMS 0x0000000086d00000, 0x0000000086d00000| Complete 
|  88|0x0000000086e00000, 0x0000000086f00000, 0x0000000086f00000|100%| O|  |TAMS 0x0000000086e00000, 0x0000000086e00000| Untracked 
|  89|0x0000000086f00000, 0x0000000087000000, 0x0000000087000000|100%| O|  |TAMS 0x0000000086f00000, 0x0000000086f00000| Untracked 
|  90|0x0000000087000000, 0x0000000087100000, 0x0000000087100000|100%| O|  |TAMS 0x0000000087000000, 0x0000000087000000| Untracked 
|  91|0x0000000087100000, 0x0000000087200000, 0x0000000087200000|100%| O|  |TAMS 0x0000000087100000, 0x0000000087100000| Untracked 
|  92|0x0000000087200000, 0x0000000087300000, 0x0000000087300000|100%| O|  |TAMS 0x0000000087200000, 0x0000000087200000| Untracked 
|  93|0x0000000087300000, 0x0000000087398600, 0x0000000087400000| 59%| O|  |TAMS 0x0000000087300000, 0x0000000087300000| Untracked 
|  94|0x0000000087400000, 0x0000000087400000, 0x0000000087500000|  0%| F|  |TAMS 0x0000000087400000, 0x0000000087400000| Untracked 
|  95|0x0000000087500000, 0x0000000087500000, 0x0000000087600000|  0%| F|  |TAMS 0x0000000087500000, 0x0000000087500000| Untracked 
|  96|0x0000000087600000, 0x0000000087600000, 0x0000000087700000|  0%| F|  |TAMS 0x0000000087600000, 0x0000000087600000| Untracked 
|  97|0x0000000087700000, 0x0000000087700000, 0x0000000087800000|  0%| F|  |TAMS 0x0000000087700000, 0x0000000087700000| Untracked 
|  98|0x0000000087800000, 0x0000000087800000, 0x0000000087900000|  0%| F|  |TAMS 0x0000000087800000, 0x0000000087800000| Untracked 
|  99|0x0000000087900000, 0x0000000087900000, 0x0000000087a00000|  0%| F|  |TAMS 0x0000000087900000, 0x0000000087900000| Untracked 
| 100|0x0000000087a00000, 0x0000000087a00000, 0x0000000087b00000|  0%| F|  |TAMS 0x0000000087a00000, 0x0000000087a00000| Untracked 
| 101|0x0000000087b00000, 0x0000000087b00000, 0x0000000087c00000|  0%| F|  |TAMS 0x0000000087b00000, 0x0000000087b00000| Untracked 
| 102|0x0000000087c00000, 0x0000000087c00000, 0x0000000087d00000|  0%| F|  |TAMS 0x0000000087c00000, 0x0000000087c00000| Untracked 
| 103|0x0000000087d00000, 0x0000000087d00000, 0x0000000087e00000|  0%| F|  |TAMS 0x0000000087d00000, 0x0000000087d00000| Untracked 
| 104|0x0000000087e00000, 0x0000000087e00000, 0x0000000087f00000|  0%| F|  |TAMS 0x0000000087e00000, 0x0000000087e00000| Untracked 
| 105|0x0000000087f00000, 0x0000000087f00000, 0x0000000088000000|  0%| F|  |TAMS 0x0000000087f00000, 0x0000000087f00000| Untracked 
| 106|0x0000000088000000, 0x0000000088000000, 0x0000000088100000|  0%| F|  |TAMS 0x0000000088000000, 0x0000000088000000| Untracked 
| 107|0x0000000088100000, 0x0000000088100000, 0x0000000088200000|  0%| F|  |TAMS 0x0000000088100000, 0x0000000088100000| Untracked 
| 108|0x0000000088200000, 0x0000000088200000, 0x0000000088300000|  0%| F|  |TAMS 0x0000000088200000, 0x0000000088200000| Untracked 
| 109|0x0000000088300000, 0x0000000088400000, 0x0000000088400000|100%| S|CS|TAMS 0x0000000088300000, 0x0000000088300000| Complete 
| 110|0x0000000088400000, 0x0000000088500000, 0x0000000088500000|100%| S|CS|TAMS 0x0000000088400000, 0x0000000088400000| Complete 
| 111|0x0000000088500000, 0x0000000088600000, 0x0000000088600000|100%| S|CS|TAMS 0x0000000088500000, 0x0000000088500000| Complete 
| 112|0x0000000088600000, 0x0000000088700000, 0x0000000088700000|100%| S|CS|TAMS 0x0000000088600000, 0x0000000088600000| Complete 
| 113|0x0000000088700000, 0x0000000088800000, 0x0000000088800000|100%| S|CS|TAMS 0x0000000088700000, 0x0000000088700000| Complete 
| 114|0x0000000088800000, 0x0000000088900000, 0x0000000088900000|100%| S|CS|TAMS 0x0000000088800000, 0x0000000088800000| Complete 
| 115|0x0000000088900000, 0x0000000088a00000, 0x0000000088a00000|100%| S|CS|TAMS 0x0000000088900000, 0x0000000088900000| Complete 
| 116|0x0000000088a00000, 0x0000000088b00000, 0x0000000088b00000|100%| S|CS|TAMS 0x0000000088a00000, 0x0000000088a00000| Complete 
| 117|0x0000000088b00000, 0x0000000088c00000, 0x0000000088c00000|100%| S|CS|TAMS 0x0000000088b00000, 0x0000000088b00000| Complete 
| 118|0x0000000088c00000, 0x0000000088d00000, 0x0000000088d00000|100%| S|CS|TAMS 0x0000000088c00000, 0x0000000088c00000| Complete 
| 119|0x0000000088d00000, 0x0000000088e00000, 0x0000000088e00000|100%| S|CS|TAMS 0x0000000088d00000, 0x0000000088d00000| Complete 
| 120|0x0000000088e00000, 0x0000000088e00000, 0x0000000088f00000|  0%| F|  |TAMS 0x0000000088e00000, 0x0000000088e00000| Untracked 
| 121|0x0000000088f00000, 0x0000000088f00000, 0x0000000089000000|  0%| F|  |TAMS 0x0000000088f00000, 0x0000000088f00000| Untracked 
| 122|0x0000000089000000, 0x0000000089000000, 0x0000000089100000|  0%| F|  |TAMS 0x0000000089000000, 0x0000000089000000| Untracked 
| 123|0x0000000089100000, 0x0000000089100000, 0x0000000089200000|  0%| F|  |TAMS 0x0000000089100000, 0x0000000089100000| Untracked 
| 124|0x0000000089200000, 0x0000000089200000, 0x0000000089300000|  0%| F|  |TAMS 0x0000000089200000, 0x0000000089200000| Untracked 
| 125|0x0000000089300000, 0x0000000089300000, 0x0000000089400000|  0%| F|  |TAMS 0x0000000089300000, 0x0000000089300000| Untracked 
| 126|0x0000000089400000, 0x0000000089400000, 0x0000000089500000|  0%| F|  |TAMS 0x0000000089400000, 0x0000000089400000| Untracked 
| 127|0x0000000089500000, 0x0000000089500000, 0x0000000089600000|  0%| F|  |TAMS 0x0000000089500000, 0x0000000089500000| Untracked 
| 128|0x0000000089600000, 0x0000000089600000, 0x0000000089700000|  0%| F|  |TAMS 0x0000000089600000, 0x0000000089600000| Untracked 
| 129|0x0000000089700000, 0x0000000089700000, 0x0000000089800000|  0%| F|  |TAMS 0x0000000089700000, 0x0000000089700000| Untracked 
| 130|0x0000000089800000, 0x0000000089800000, 0x0000000089900000|  0%| F|  |TAMS 0x0000000089800000, 0x0000000089800000| Untracked 
| 131|0x0000000089900000, 0x0000000089a00000, 0x0000000089a00000|100%| S|CS|TAMS 0x0000000089900000, 0x0000000089900000| Complete 
| 132|0x0000000089a00000, 0x0000000089b00000, 0x0000000089b00000|100%| S|CS|TAMS 0x0000000089a00000, 0x0000000089a00000| Complete 
| 133|0x0000000089b00000, 0x0000000089c00000, 0x0000000089c00000|100%| S|CS|TAMS 0x0000000089b00000, 0x0000000089b00000| Complete 
| 134|0x0000000089c00000, 0x0000000089c00000, 0x0000000089d00000|  0%| F|  |TAMS 0x0000000089c00000, 0x0000000089c00000| Untracked 
| 135|0x0000000089d00000, 0x0000000089d00000, 0x0000000089e00000|  0%| F|  |TAMS 0x0000000089d00000, 0x0000000089d00000| Untracked 
| 136|0x0000000089e00000, 0x0000000089e00000, 0x0000000089f00000|  0%| F|  |TAMS 0x0000000089e00000, 0x0000000089e00000| Untracked 
| 137|0x0000000089f00000, 0x0000000089f00000, 0x000000008a000000|  0%| F|  |TAMS 0x0000000089f00000, 0x0000000089f00000| Untracked 
| 138|0x000000008a000000, 0x000000008a000000, 0x000000008a100000|  0%| F|  |TAMS 0x000000008a000000, 0x000000008a000000| Untracked 
| 139|0x000000008a100000, 0x000000008a100000, 0x000000008a200000|  0%| F|  |TAMS 0x000000008a100000, 0x000000008a100000| Untracked 
| 140|0x000000008a200000, 0x000000008a200000, 0x000000008a300000|  0%| F|  |TAMS 0x000000008a200000, 0x000000008a200000| Untracked 
| 141|0x000000008a300000, 0x000000008a300000, 0x000000008a400000|  0%| F|  |TAMS 0x000000008a300000, 0x000000008a300000| Untracked 
| 142|0x000000008a400000, 0x000000008a400000, 0x000000008a500000|  0%| F|  |TAMS 0x000000008a400000, 0x000000008a400000| Untracked 
| 143|0x000000008a500000, 0x000000008a500000, 0x000000008a600000|  0%| F|  |TAMS 0x000000008a500000, 0x000000008a500000| Untracked 
| 144|0x000000008a600000, 0x000000008a600000, 0x000000008a700000|  0%| F|  |TAMS 0x000000008a600000, 0x000000008a600000| Untracked 
| 145|0x000000008a700000, 0x000000008a700000, 0x000000008a800000|  0%| F|  |TAMS 0x000000008a700000, 0x000000008a700000| Untracked 
| 146|0x000000008a800000, 0x000000008a800000, 0x000000008a900000|  0%| F|  |TAMS 0x000000008a800000, 0x000000008a800000| Untracked 
| 147|0x000000008a900000, 0x000000008a900000, 0x000000008aa00000|  0%| F|  |TAMS 0x000000008a900000, 0x000000008a900000| Untracked 
| 148|0x000000008aa00000, 0x000000008aa00000, 0x000000008ab00000|  0%| F|  |TAMS 0x000000008aa00000, 0x000000008aa00000| Untracked 
| 149|0x000000008ab00000, 0x000000008ab00000, 0x000000008ac00000|  0%| F|  |TAMS 0x000000008ab00000, 0x000000008ab00000| Untracked 
| 150|0x000000008ac00000, 0x000000008ad00000, 0x000000008ad00000|100%| E|  |TAMS 0x000000008ac00000, 0x000000008ac00000| Complete 
| 151|0x000000008ad00000, 0x000000008ae00000, 0x000000008ae00000|100%| E|CS|TAMS 0x000000008ad00000, 0x000000008ad00000| Complete 
| 152|0x000000008ae00000, 0x000000008af00000, 0x000000008af00000|100%| E|CS|TAMS 0x000000008ae00000, 0x000000008ae00000| Complete 
| 153|0x000000008af00000, 0x000000008b000000, 0x000000008b000000|100%| E|CS|TAMS 0x000000008af00000, 0x000000008af00000| Complete 
| 154|0x000000008b000000, 0x000000008b100000, 0x000000008b100000|100%| E|CS|TAMS 0x000000008b000000, 0x000000008b000000| Complete 
| 155|0x000000008b100000, 0x000000008b200000, 0x000000008b200000|100%| E|CS|TAMS 0x000000008b100000, 0x000000008b100000| Complete 
| 156|0x000000008b200000, 0x000000008b300000, 0x000000008b300000|100%| E|CS|TAMS 0x000000008b200000, 0x000000008b200000| Complete 
| 157|0x000000008b300000, 0x000000008b400000, 0x000000008b400000|100%| E|CS|TAMS 0x000000008b300000, 0x000000008b300000| Untracked 
| 158|0x000000008b400000, 0x000000008b400000, 0x000000008b500000|  0%| F|  |TAMS 0x000000008b400000, 0x000000008b400000| Untracked 
| 159|0x000000008b500000, 0x000000008b500000, 0x000000008b600000|  0%| F|  |TAMS 0x000000008b500000, 0x000000008b500000| Untracked 
| 160|0x000000008b600000, 0x000000008b600000, 0x000000008b700000|  0%| F|  |TAMS 0x000000008b600000, 0x000000008b600000| Untracked 
| 161|0x000000008b700000, 0x000000008b700000, 0x000000008b800000|  0%| F|  |TAMS 0x000000008b700000, 0x000000008b700000| Untracked 
| 162|0x000000008b800000, 0x000000008b800000, 0x000000008b900000|  0%| F|  |TAMS 0x000000008b800000, 0x000000008b800000| Untracked 
| 163|0x000000008b900000, 0x000000008b900000, 0x000000008ba00000|  0%| F|  |TAMS 0x000000008b900000, 0x000000008b900000| Untracked 
| 164|0x000000008ba00000, 0x000000008ba00000, 0x000000008bb00000|  0%| F|  |TAMS 0x000000008ba00000, 0x000000008ba00000| Untracked 
| 165|0x000000008bb00000, 0x000000008bb00000, 0x000000008bc00000|  0%| F|  |TAMS 0x000000008bb00000, 0x000000008bb00000| Untracked 
| 166|0x000000008bc00000, 0x000000008bc00000, 0x000000008bd00000|  0%| F|  |TAMS 0x000000008bc00000, 0x000000008bc00000| Untracked 
| 167|0x000000008bd00000, 0x000000008bd00000, 0x000000008be00000|  0%| F|  |TAMS 0x000000008bd00000, 0x000000008bd00000| Untracked 
| 168|0x000000008be00000, 0x000000008be00000, 0x000000008bf00000|  0%| F|  |TAMS 0x000000008be00000, 0x000000008be00000| Untracked 
| 169|0x000000008bf00000, 0x000000008bf00000, 0x000000008c000000|  0%| F|  |TAMS 0x000000008bf00000, 0x000000008bf00000| Untracked 
| 170|0x000000008c000000, 0x000000008c000000, 0x000000008c100000|  0%| F|  |TAMS 0x000000008c000000, 0x000000008c000000| Untracked 
| 171|0x000000008c100000, 0x000000008c100000, 0x000000008c200000|  0%| F|  |TAMS 0x000000008c100000, 0x000000008c100000| Untracked 
| 172|0x000000008c200000, 0x000000008c200000, 0x000000008c300000|  0%| F|  |TAMS 0x000000008c200000, 0x000000008c200000| Untracked 
| 173|0x000000008c300000, 0x000000008c300000, 0x000000008c400000|  0%| F|  |TAMS 0x000000008c300000, 0x000000008c300000| Untracked 
| 174|0x000000008c400000, 0x000000008c400000, 0x000000008c500000|  0%| F|  |TAMS 0x000000008c400000, 0x000000008c400000| Untracked 
| 175|0x000000008c500000, 0x000000008c500000, 0x000000008c600000|  0%| F|  |TAMS 0x000000008c500000, 0x000000008c500000| Untracked 
| 176|0x000000008c600000, 0x000000008c600000, 0x000000008c700000|  0%| F|  |TAMS 0x000000008c600000, 0x000000008c600000| Untracked 
| 177|0x000000008c700000, 0x000000008c700000, 0x000000008c800000|  0%| F|  |TAMS 0x000000008c700000, 0x000000008c700000| Untracked 
| 178|0x000000008c800000, 0x000000008c800000, 0x000000008c900000|  0%| F|  |TAMS 0x000000008c800000, 0x000000008c800000| Untracked 
| 179|0x000000008c900000, 0x000000008c900000, 0x000000008ca00000|  0%| F|  |TAMS 0x000000008c900000, 0x000000008c900000| Untracked 
| 180|0x000000008ca00000, 0x000000008ca00000, 0x000000008cb00000|  0%| F|  |TAMS 0x000000008ca00000, 0x000000008ca00000| Untracked 
| 181|0x000000008cb00000, 0x000000008cb00000, 0x000000008cc00000|  0%| F|  |TAMS 0x000000008cb00000, 0x000000008cb00000| Untracked 
| 182|0x000000008cc00000, 0x000000008cc00000, 0x000000008cd00000|  0%| F|  |TAMS 0x000000008cc00000, 0x000000008cc00000| Untracked 
| 183|0x000000008cd00000, 0x000000008cd00000, 0x000000008ce00000|  0%| F|  |TAMS 0x000000008cd00000, 0x000000008cd00000| Untracked 
| 184|0x000000008ce00000, 0x000000008ce00000, 0x000000008cf00000|  0%| F|  |TAMS 0x000000008ce00000, 0x000000008ce00000| Untracked 
| 185|0x000000008cf00000, 0x000000008cf00000, 0x000000008d000000|  0%| F|  |TAMS 0x000000008cf00000, 0x000000008cf00000| Untracked 
| 186|0x000000008d000000, 0x000000008d000000, 0x000000008d100000|  0%| F|  |TAMS 0x000000008d000000, 0x000000008d000000| Untracked 
| 187|0x000000008d100000, 0x000000008d100000, 0x000000008d200000|  0%| F|  |TAMS 0x000000008d100000, 0x000000008d100000| Untracked 
| 188|0x000000008d200000, 0x000000008d200000, 0x000000008d300000|  0%| F|  |TAMS 0x000000008d200000, 0x000000008d200000| Untracked 
| 189|0x000000008d300000, 0x000000008d300000, 0x000000008d400000|  0%| F|  |TAMS 0x000000008d300000, 0x000000008d300000| Untracked 
| 190|0x000000008d400000, 0x000000008d400000, 0x000000008d500000|  0%| F|  |TAMS 0x000000008d400000, 0x000000008d400000| Untracked 
| 191|0x000000008d500000, 0x000000008d500000, 0x000000008d600000|  0%| F|  |TAMS 0x000000008d500000, 0x000000008d500000| Untracked 
| 192|0x000000008d600000, 0x000000008d600000, 0x000000008d700000|  0%| F|  |TAMS 0x000000008d600000, 0x000000008d600000| Untracked 
| 193|0x000000008d700000, 0x000000008d700000, 0x000000008d800000|  0%| F|  |TAMS 0x000000008d700000, 0x000000008d700000| Untracked 
| 194|0x000000008d800000, 0x000000008d800000, 0x000000008d900000|  0%| F|  |TAMS 0x000000008d800000, 0x000000008d800000| Untracked 
| 195|0x000000008d900000, 0x000000008da00000, 0x000000008da00000|100%| E|CS|TAMS 0x000000008d900000, 0x000000008d900000| Complete 
| 196|0x000000008da00000, 0x000000008db00000, 0x000000008db00000|100%| E|CS|TAMS 0x000000008da00000, 0x000000008da00000| Complete 
| 197|0x000000008db00000, 0x000000008dc00000, 0x000000008dc00000|100%| E|CS|TAMS 0x000000008db00000, 0x000000008db00000| Complete 
| 198|0x000000008dc00000, 0x000000008dd00000, 0x000000008dd00000|100%| E|CS|TAMS 0x000000008dc00000, 0x000000008dc00000| Complete 
| 199|0x000000008dd00000, 0x000000008de00000, 0x000000008de00000|100%| E|CS|TAMS 0x000000008dd00000, 0x000000008dd00000| Complete 
| 200|0x000000008de00000, 0x000000008df00000, 0x000000008df00000|100%| E|CS|TAMS 0x000000008de00000, 0x000000008de00000| Complete 
| 201|0x000000008df00000, 0x000000008e000000, 0x000000008e000000|100%| E|CS|TAMS 0x000000008df00000, 0x000000008df00000| Complete 
| 202|0x000000008e000000, 0x000000008e100000, 0x000000008e100000|100%| E|CS|TAMS 0x000000008e000000, 0x000000008e000000| Complete 
| 203|0x000000008e100000, 0x000000008e200000, 0x000000008e200000|100%| E|CS|TAMS 0x000000008e100000, 0x000000008e100000| Complete 
| 204|0x000000008e200000, 0x000000008e300000, 0x000000008e300000|100%| E|CS|TAMS 0x000000008e200000, 0x000000008e200000| Complete 
| 205|0x000000008e300000, 0x000000008e400000, 0x000000008e400000|100%| E|CS|TAMS 0x000000008e300000, 0x000000008e300000| Complete 
| 206|0x000000008e400000, 0x000000008e500000, 0x000000008e500000|100%| E|CS|TAMS 0x000000008e400000, 0x000000008e400000| Complete 
| 207|0x000000008e500000, 0x000000008e600000, 0x000000008e600000|100%| E|CS|TAMS 0x000000008e500000, 0x000000008e500000| Complete 
| 208|0x000000008e600000, 0x000000008e700000, 0x000000008e700000|100%| E|CS|TAMS 0x000000008e600000, 0x000000008e600000| Complete 
| 209|0x000000008e700000, 0x000000008e800000, 0x000000008e800000|100%| E|CS|TAMS 0x000000008e700000, 0x000000008e700000| Complete 
| 210|0x000000008e800000, 0x000000008e900000, 0x000000008e900000|100%| E|CS|TAMS 0x000000008e800000, 0x000000008e800000| Complete 
| 211|0x000000008e900000, 0x000000008ea00000, 0x000000008ea00000|100%| E|CS|TAMS 0x000000008e900000, 0x000000008e900000| Complete 
| 212|0x000000008ea00000, 0x000000008eb00000, 0x000000008eb00000|100%| E|CS|TAMS 0x000000008ea00000, 0x000000008ea00000| Complete 
| 213|0x000000008eb00000, 0x000000008ec00000, 0x000000008ec00000|100%| E|CS|TAMS 0x000000008eb00000, 0x000000008eb00000| Complete 
| 214|0x000000008ec00000, 0x000000008ed00000, 0x000000008ed00000|100%| E|CS|TAMS 0x000000008ec00000, 0x000000008ec00000| Complete 
| 215|0x000000008ed00000, 0x000000008ee00000, 0x000000008ee00000|100%| E|CS|TAMS 0x000000008ed00000, 0x000000008ed00000| Complete 
| 216|0x000000008ee00000, 0x000000008ef00000, 0x000000008ef00000|100%| E|CS|TAMS 0x000000008ee00000, 0x000000008ee00000| Complete 
| 217|0x000000008ef00000, 0x000000008f000000, 0x000000008f000000|100%| E|CS|TAMS 0x000000008ef00000, 0x000000008ef00000| Complete 
| 218|0x000000008f000000, 0x000000008f100000, 0x000000008f100000|100%| E|CS|TAMS 0x000000008f000000, 0x000000008f000000| Complete 
| 219|0x000000008f100000, 0x000000008f200000, 0x000000008f200000|100%| E|CS|TAMS 0x000000008f100000, 0x000000008f100000| Complete 
| 220|0x000000008f200000, 0x000000008f300000, 0x000000008f300000|100%| E|CS|TAMS 0x000000008f200000, 0x000000008f200000| Complete 
| 221|0x000000008f300000, 0x000000008f400000, 0x000000008f400000|100%| E|CS|TAMS 0x000000008f300000, 0x000000008f300000| Complete 
| 222|0x000000008f400000, 0x000000008f500000, 0x000000008f500000|100%| E|CS|TAMS 0x000000008f400000, 0x000000008f400000| Complete 
| 223|0x000000008f500000, 0x000000008f600000, 0x000000008f600000|100%| E|CS|TAMS 0x000000008f500000, 0x000000008f500000| Complete 
| 224|0x000000008f600000, 0x000000008f700000, 0x000000008f700000|100%| E|CS|TAMS 0x000000008f600000, 0x000000008f600000| Complete 
| 225|0x000000008f700000, 0x000000008f700000, 0x000000008f800000|100%| E|CS|TAMS 0x000000008f700000, 0x000000008f700000| Complete 
| 226|0x000000008f800000, 0x000000008f900000, 0x000000008f900000|100%| E|CS|TAMS 0x000000008f800000, 0x000000008f800000| Complete 
| 227|0x000000008f900000, 0x000000008fa00000, 0x000000008fa00000|100%| E|CS|TAMS 0x000000008f900000, 0x000000008f900000| Complete 
| 228|0x000000008fa00000, 0x000000008fb00000, 0x000000008fb00000|100%| E|CS|TAMS 0x000000008fa00000, 0x000000008fa00000| Complete 
| 229|0x000000008fb00000, 0x000000008fc00000, 0x000000008fc00000|100%| E|CS|TAMS 0x000000008fb00000, 0x000000008fb00000| Complete 
|2025|0x00000000fff00000, 0x0000000100000000, 0x0000000100000000|100%| O|  |TAMS 0x0000000100000000, 0x0000000100000000| Untracked 

Card table byte_map: [0x000001d637710000,0x000001d637b10000] _byte_map_base: 0x000001d637305000

Marking Bits (Prev, Next): (CMBitMap*) 0x000001d62085de60, (CMBitMap*) 0x000001d62085dea0
 Prev Bits: [0x000001d637f10000, 0x000001d639eb8000)
 Next Bits: [0x000001d639ec0000, 0x000001d63be68000)

Polling page: 0x000001d61e970000

Metaspace:

Usage:
  Non-class:     40.80 MB used.
      Class:      5.94 MB used.
       Both:     46.74 MB used.

Virtual space:
  Non-class space:       64.00 MB reserved,      41.56 MB ( 65%) committed,  1 nodes.
      Class space:        1.00 GB reserved,       6.50 MB ( <1%) committed,  1 nodes.
             Both:        1.06 GB reserved,      48.06 MB (  4%) committed. 

Chunk freelists:
   Non-Class:  5.84 MB
       Class:  9.50 MB
        Both:  15.34 MB

MaxMetaspaceSize: unlimited
CompressedClassSpaceSize: 1.00 GB
Initial GC threshold: 21.00 MB
Current GC threshold: 80.00 MB
CDS: on
MetaspaceReclaimPolicy: balanced
 - commit_granule_bytes: 65536.
 - commit_granule_words: 8192.
 - virtual_space_node_default_size: 8388608.
 - enlarge_chunks_in_place: 1.
 - new_chunks_are_fully_committed: 0.
 - uncommit_free_chunks: 1.
 - use_allocation_guard: 0.
 - handle_deallocations: 1.


Internal statistics:

num_allocs_failed_limit: 6.
num_arena_births: 1938.
num_arena_deaths: 0.
num_vsnodes_births: 2.
num_vsnodes_deaths: 0.
num_space_committed: 766.
num_space_uncommitted: 0.
num_chunks_returned_to_freelist: 6.
num_chunks_taken_from_freelist: 3974.
num_chunk_merges: 6.
num_chunk_splits: 2496.
num_chunks_enlarged: 1463.
num_inconsistent_stats: 0.

CodeHeap 'non-profiled nmethods': size=120000Kb used=5227Kb max_used=5227Kb free=114772Kb
 bounds [0x000001d62fde0000, 0x000001d630300000, 0x000001d637310000]
CodeHeap 'profiled nmethods': size=120000Kb used=13830Kb max_used=13830Kb free=106169Kb
 bounds [0x000001d628310000, 0x000001d6290a0000, 0x000001d62f840000]
CodeHeap 'non-nmethods': size=5760Kb used=1851Kb max_used=1923Kb free=3908Kb
 bounds [0x000001d62f840000, 0x000001d62fab0000, 0x000001d62fde0000]
 total_blobs=9095 nmethods=7751 adapters=1256
 compilation: enabled
              stopped_count=0, restarted_count=0
 full_count=0

Compilation events (20 events):
Event: 19.056 Thread 0x000001d63e371b00 6646       2       org.objectweb.asm.MethodVisitor::visitParameter (36 bytes)
Event: 19.056 Thread 0x000001d63e371b00 nmethod 6646 0x000001d628d79290 code [0x000001d628d79440, 0x000001d628d79638]
Event: 19.079 Thread 0x000001d63e371b00 6647       2       java.util.concurrent.ConcurrentHashMap::<init> (5 bytes)
Event: 19.079 Thread 0x000001d63e371b00 nmethod 6647 0x000001d628d79710 code [0x000001d628d798a0, 0x000001d628d79998]
Event: 19.176 Thread 0x000001d63e371b00 6648       2       java.io.WinNTFileSystem::normalize (143 bytes)
Event: 19.177 Thread 0x000001d63e371b00 nmethod 6648 0x000001d628d79a10 code [0x000001d628d79c20, 0x000001d628d7a1d8]
Event: 19.273 Thread 0x000001d63e36f130 nmethod 6271 0x000001d63017da10 code [0x000001d63017dec0, 0x000001d630182138]
Event: 19.273 Thread 0x000001d63e36f130 6624       4       org.objectweb.asm.ByteVector::putUTF8 (144 bytes)
Event: 19.282 Thread 0x000001d63e36f130 nmethod 6624 0x000001d630183c10 code [0x000001d630183dc0, 0x000001d630184158]
Event: 19.282 Thread 0x000001d63e36f130 6421 %     4       java.lang.module.Resolver::makeGraph @ 684 (824 bytes)
Event: 19.364 Thread 0x000001d63e371b00 6649       2       java.util.concurrent.locks.AbstractQueuedSynchronizer$Node::clearStatus (12 bytes)
Event: 19.364 Thread 0x000001d63e371b00 nmethod 6649 0x000001d628d7a590 code [0x000001d628d7a720, 0x000001d628d7a868]
Event: 19.370 Thread 0x000001d63e371b00 6650   !   2       jdk.internal.loader.BuiltinClassLoader$2::run (114 bytes)
Event: 19.371 Thread 0x000001d63e371b00 nmethod 6650 0x000001d628d7a910 code [0x000001d628d7ab40, 0x000001d628d7b038]
Event: 19.595 Thread 0x000001d63e36f130 nmethod 6421% 0x000001d630184490 code [0x000001d630184820, 0x000001d630188a70]
Event: 19.595 Thread 0x000001d63e36f130 6651       4       org.objectweb.asm.ClassReader::readMethod (1066 bytes)
Event: 19.670 Thread 0x000001d63e371b00 6652   !   2       jdk.internal.loader.BuiltinClassLoader::findResource (154 bytes)
Event: 19.671 Thread 0x000001d63e371b00 nmethod 6652 0x000001d628d7b310 code [0x000001d628d7b580, 0x000001d628d7bba8]
Event: 19.873 Thread 0x000001d684ef3b00 nmethod 6278 0x000001d63018b090 code [0x000001d63018b780, 0x000001d630195808]
Event: 19.874 Thread 0x000001d684ef3b00 6654       4       org.objectweb.asm.ClassReader::readField (671 bytes)

GC Heap History (20 events):
Event: 14.286 GC heap before
{Heap before GC invocations=15 (full 0):
 garbage-first heap   total 158720K, used 119660K [0x0000000081600000, 0x0000000100000000)
  region size 1024K, 58 young (59392K), 7 survivors (7168K)
 Metaspace       used 26575K, committed 27328K, reserved 1114112K
  class space    used 3166K, committed 3520K, reserved 1048576K
}
Event: 14.306 GC heap after
{Heap after GC invocations=16 (full 0):
 garbage-first heap   total 158720K, used 73956K [0x0000000081600000, 0x0000000100000000)
  region size 1024K, 8 young (8192K), 8 survivors (8192K)
 Metaspace       used 26575K, committed 27328K, reserved 1114112K
  class space    used 3166K, committed 3520K, reserved 1048576K
}
Event: 14.693 GC heap before
{Heap before GC invocations=16 (full 0):
 garbage-first heap   total 158720K, used 121060K [0x0000000081600000, 0x0000000100000000)
  region size 1024K, 54 young (55296K), 8 survivors (8192K)
 Metaspace       used 28209K, committed 29056K, reserved 1114112K
  class space    used 3342K, committed 3712K, reserved 1048576K
}
Event: 14.705 GC heap after
{Heap after GC invocations=17 (full 0):
 garbage-first heap   total 158720K, used 75101K [0x0000000081600000, 0x0000000100000000)
  region size 1024K, 2 young (2048K), 2 survivors (2048K)
 Metaspace       used 28209K, committed 29056K, reserved 1114112K
  class space    used 3342K, committed 3712K, reserved 1048576K
}
Event: 15.235 GC heap before
{Heap before GC invocations=17 (full 0):
 garbage-first heap   total 158720K, used 124253K [0x0000000081600000, 0x0000000100000000)
  region size 1024K, 50 young (51200K), 2 survivors (2048K)
 Metaspace       used 29580K, committed 30400K, reserved 1114112K
  class space    used 3485K, committed 3840K, reserved 1048576K
}
Event: 15.239 GC heap after
{Heap after GC invocations=18 (full 0):
 garbage-first heap   total 158720K, used 75068K [0x0000000081600000, 0x0000000100000000)
  region size 1024K, 2 young (2048K), 2 survivors (2048K)
 Metaspace       used 29580K, committed 30400K, reserved 1114112K
  class space    used 3485K, committed 3840K, reserved 1048576K
}
Event: 15.727 GC heap before
{Heap before GC invocations=19 (full 0):
 garbage-first heap   total 158720K, used 126268K [0x0000000081600000, 0x0000000100000000)
  region size 1024K, 52 young (53248K), 2 survivors (2048K)
 Metaspace       used 29617K, committed 30528K, reserved 1114112K
  class space    used 3488K, committed 3904K, reserved 1048576K
}
Event: 15.732 GC heap after
{Heap after GC invocations=20 (full 0):
 garbage-first heap   total 158720K, used 75530K [0x0000000081600000, 0x0000000100000000)
  region size 1024K, 2 young (2048K), 2 survivors (2048K)
 Metaspace       used 29617K, committed 30528K, reserved 1114112K
  class space    used 3488K, committed 3904K, reserved 1048576K
}
Event: 16.223 GC heap before
{Heap before GC invocations=20 (full 0):
 garbage-first heap   total 158720K, used 128778K [0x0000000081600000, 0x0000000100000000)
  region size 1024K, 54 young (55296K), 2 survivors (2048K)
 Metaspace       used 30164K, committed 31168K, reserved 1114112K
  class space    used 3573K, committed 4032K, reserved 1048576K
}
Event: 16.232 GC heap after
{Heap after GC invocations=21 (full 0):
 garbage-first heap   total 196608K, used 76461K [0x0000000081600000, 0x0000000100000000)
  region size 1024K, 3 young (3072K), 3 survivors (3072K)
 Metaspace       used 30164K, committed 31168K, reserved 1114112K
  class space    used 3573K, committed 4032K, reserved 1048576K
}
Event: 16.831 GC heap before
{Heap before GC invocations=22 (full 0):
 garbage-first heap   total 196608K, used 160429K [0x0000000081600000, 0x0000000100000000)
  region size 1024K, 83 young (84992K), 3 survivors (3072K)
 Metaspace       used 30217K, committed 31232K, reserved 1114112K
  class space    used 3579K, committed 4032K, reserved 1048576K
}
Event: 16.838 GC heap after
{Heap after GC invocations=23 (full 0):
 garbage-first heap   total 196608K, used 78096K [0x0000000081600000, 0x0000000100000000)
  region size 1024K, 5 young (5120K), 5 survivors (5120K)
 Metaspace       used 30217K, committed 31232K, reserved 1114112K
  class space    used 3579K, committed 4032K, reserved 1048576K
}
Event: 17.077 GC heap before
{Heap before GC invocations=23 (full 0):
 garbage-first heap   total 196608K, used 162064K [0x0000000081600000, 0x0000000100000000)
  region size 1024K, 87 young (89088K), 5 survivors (5120K)
 Metaspace       used 30237K, committed 31232K, reserved 1114112K
  class space    used 3583K, committed 4032K, reserved 1048576K
}
Event: 17.086 GC heap after
{Heap after GC invocations=24 (full 0):
 garbage-first heap   total 196608K, used 77729K [0x0000000081600000, 0x0000000100000000)
  region size 1024K, 4 young (4096K), 4 survivors (4096K)
 Metaspace       used 30237K, committed 31232K, reserved 1114112K
  class space    used 3583K, committed 4032K, reserved 1048576K
}
Event: 17.371 GC heap before
{Heap before GC invocations=24 (full 0):
 garbage-first heap   total 196608K, used 164769K [0x0000000081600000, 0x0000000100000000)
  region size 1024K, 89 young (91136K), 4 survivors (4096K)
 Metaspace       used 30245K, committed 31232K, reserved 1114112K
  class space    used 3583K, committed 4032K, reserved 1048576K
}
Event: 17.377 GC heap after
{Heap after GC invocations=25 (full 0):
 garbage-first heap   total 196608K, used 78482K [0x0000000081600000, 0x0000000100000000)
  region size 1024K, 5 young (5120K), 5 survivors (5120K)
 Metaspace       used 30245K, committed 31232K, reserved 1114112K
  class space    used 3583K, committed 4032K, reserved 1048576K
}
Event: 17.940 GC heap before
{Heap before GC invocations=25 (full 0):
 garbage-first heap   total 196608K, used 166546K [0x0000000081600000, 0x0000000100000000)
  region size 1024K, 91 young (93184K), 5 survivors (5120K)
 Metaspace       used 30268K, committed 31232K, reserved 1114112K
  class space    used 3585K, committed 4032K, reserved 1048576K
}
Event: 17.950 GC heap after
{Heap after GC invocations=26 (full 0):
 garbage-first heap   total 196608K, used 79988K [0x0000000081600000, 0x0000000100000000)
  region size 1024K, 7 young (7168K), 7 survivors (7168K)
 Metaspace       used 30268K, committed 31232K, reserved 1114112K
  class space    used 3585K, committed 4032K, reserved 1048576K
}
Event: 18.682 GC heap before
{Heap before GC invocations=26 (full 0):
 garbage-first heap   total 196608K, used 167028K [0x0000000081600000, 0x0000000100000000)
  region size 1024K, 92 young (94208K), 7 survivors (7168K)
 Metaspace       used 30608K, committed 31552K, reserved 1114112K
  class space    used 3632K, committed 4032K, reserved 1048576K
}
Event: 18.692 GC heap after
{Heap after GC invocations=27 (full 0):
 garbage-first heap   total 236544K, used 81629K [0x0000000081600000, 0x0000000100000000)
  region size 1024K, 8 young (8192K), 8 survivors (8192K)
 Metaspace       used 30608K, committed 31552K, reserved 1114112K
  class space    used 3632K, committed 4032K, reserved 1048576K
}

Dll operation events (12 events):
Event: 0.023 Loaded shared library C:\Users\VTP\.gradle\jdks\eclipse_adoptium-17-amd64-windows\jdk-17.0.10+7\bin\java.dll
Event: 0.056 Loaded shared library C:\Users\VTP\.gradle\jdks\eclipse_adoptium-17-amd64-windows\jdk-17.0.10+7\bin\jsvml.dll
Event: 0.367 Loaded shared library C:\Users\VTP\.gradle\jdks\eclipse_adoptium-17-amd64-windows\jdk-17.0.10+7\bin\net.dll
Event: 0.373 Loaded shared library C:\Users\VTP\.gradle\jdks\eclipse_adoptium-17-amd64-windows\jdk-17.0.10+7\bin\nio.dll
Event: 0.381 Loaded shared library C:\Users\VTP\.gradle\jdks\eclipse_adoptium-17-amd64-windows\jdk-17.0.10+7\bin\zip.dll
Event: 0.511 Loaded shared library C:\Users\VTP\.gradle\jdks\eclipse_adoptium-17-amd64-windows\jdk-17.0.10+7\bin\jimage.dll
Event: 1.380 Loaded shared library C:\Users\VTP\.gradle\jdks\eclipse_adoptium-17-amd64-windows\jdk-17.0.10+7\bin\verify.dll
Event: 7.707 Loaded shared library C:\Users\VTP\.gradle\jdks\eclipse_adoptium-17-amd64-windows\jdk-17.0.10+7\bin\management.dll
Event: 7.715 Loaded shared library C:\Users\VTP\.gradle\jdks\eclipse_adoptium-17-amd64-windows\jdk-17.0.10+7\bin\management_ext.dll
Event: 9.384 Loaded shared library C:\Users\VTP\AppData\Local\Temp\lwjglVTP\3.3.1-build-7\lwjgl.dll
Event: 9.821 Loaded shared library C:\Users\VTP\AppData\Local\Temp\lwjglVTP\3.3.1-build-7\lwjgl_stb.dll
Event: 10.050 Loaded shared library C:\Users\VTP\AppData\Local\Temp\lwjglVTP\3.3.1-build-7\lwjgl_opengl.dll

Deoptimization events (20 events):
Event: 18.909 Thread 0x000001d620802200 DEOPT PACKING pc=0x000001d62fdf4aa4 sp=0x00000074f96fd810
Event: 18.909 Thread 0x000001d620802200 DEOPT UNPACKING pc=0x000001d62f8969a3 sp=0x00000074f96fd7a8 mode 2
Event: 18.916 Thread 0x000001d620802200 Uncommon trap: trap_request=0xffffffde fr.pc=0x000001d62fdf4aa4 relative=0x00000000000001a4
Event: 18.916 Thread 0x000001d620802200 Uncommon trap: reason=class_check action=maybe_recompile pc=0x000001d62fdf4aa4 method=java.lang.String.equals(Ljava/lang/Object;)Z @ 8 c2
Event: 18.916 Thread 0x000001d620802200 DEOPT PACKING pc=0x000001d62fdf4aa4 sp=0x00000074f96fbd40
Event: 18.916 Thread 0x000001d620802200 DEOPT UNPACKING pc=0x000001d62f8969a3 sp=0x00000074f96fbcd8 mode 2
Event: 18.916 Thread 0x000001d620802200 Uncommon trap: trap_request=0xffffffde fr.pc=0x000001d62fdf4aa4 relative=0x00000000000001a4
Event: 18.916 Thread 0x000001d620802200 Uncommon trap: reason=class_check action=maybe_recompile pc=0x000001d62fdf4aa4 method=java.lang.String.equals(Ljava/lang/Object;)Z @ 8 c2
Event: 18.916 Thread 0x000001d620802200 DEOPT PACKING pc=0x000001d62fdf4aa4 sp=0x00000074f96fbe70
Event: 18.916 Thread 0x000001d620802200 DEOPT UNPACKING pc=0x000001d62f8969a3 sp=0x00000074f96fbe08 mode 2
Event: 18.926 Thread 0x000001d620802200 DEOPT PACKING pc=0x000001d628bad821 sp=0x00000074f96fa160
Event: 18.926 Thread 0x000001d620802200 DEOPT UNPACKING pc=0x000001d62f897143 sp=0x00000074f96f9670 mode 0
Event: 18.969 Thread 0x000001d686e51950 DEOPT PACKING pc=0x000001d628b7e36e sp=0x00000074fb6fe4f0
Event: 18.969 Thread 0x000001d686e51950 DEOPT UNPACKING pc=0x000001d62f897143 sp=0x00000074fb6fdc00 mode 0
Event: 18.994 Thread 0x000001d686e51950 DEOPT PACKING pc=0x000001d628b7e36e sp=0x00000074fb6fe4f0
Event: 18.994 Thread 0x000001d686e51950 DEOPT UNPACKING pc=0x000001d62f897143 sp=0x00000074fb6fdc00 mode 0
Event: 19.393 Thread 0x000001d686e51950 DEOPT PACKING pc=0x000001d628b7e36e sp=0x00000074fb6fe4f0
Event: 19.393 Thread 0x000001d686e51950 DEOPT UNPACKING pc=0x000001d62f897143 sp=0x00000074fb6fdc00 mode 0
Event: 19.849 Thread 0x000001d686e51950 DEOPT PACKING pc=0x000001d628b7e36e sp=0x00000074fb6fe4f0
Event: 19.849 Thread 0x000001d686e51950 DEOPT UNPACKING pc=0x000001d62f897143 sp=0x00000074fb6fdc00 mode 0

Classes unloaded (0 events):
No events

Classes redefined (0 events):
No events

Internal exceptions (20 events):
Event: 18.739 Thread 0x000001d686e51950 Exception <a 'sun/nio/fs/WindowsException'{0x000000008fb5c8e8}> (0x000000008fb5c8e8) 
thrown [s\src\hotspot\share\prims\jni.cpp, line 516]
Event: 18.744 Thread 0x000001d686e51950 Exception <a 'sun/nio/fs/WindowsException'{0x000000008fb65378}> (0x000000008fb65378) 
thrown [s\src\hotspot\share\prims\jni.cpp, line 516]
Event: 18.757 Thread 0x000001d686e51950 Exception <a 'sun/nio/fs/WindowsException'{0x000000008fb7dc08}> (0x000000008fb7dc08) 
thrown [s\src\hotspot\share\prims\jni.cpp, line 516]
Event: 18.840 Thread 0x000001d620802200 Exception <a 'sun/nio/fs/WindowsException'{0x000000008f011290}> (0x000000008f011290) 
thrown [s\src\hotspot\share\prims\jni.cpp, line 516]
Event: 19.133 Thread 0x000001d620802200 Exception <a 'sun/nio/fs/WindowsException'{0x000000008d5d9e28}> (0x000000008d5d9e28) 
thrown [s\src\hotspot\share\prims\jni.cpp, line 516]
Event: 19.167 Thread 0x000001d620802200 Exception <a 'sun/nio/fs/WindowsException'{0x000000008d5e9600}> (0x000000008d5e9600) 
thrown [s\src\hotspot\share\prims\jni.cpp, line 516]
Event: 19.173 Thread 0x000001d620802200 Exception <a 'sun/nio/fs/WindowsException'{0x000000008d489d08}> (0x000000008d489d08) 
thrown [s\src\hotspot\share\prims\jni.cpp, line 516]
Event: 19.176 Thread 0x000001d620802200 Exception <a 'sun/nio/fs/WindowsException'{0x000000008d4dfe90}> (0x000000008d4dfe90) 
thrown [s\src\hotspot\share\prims\jni.cpp, line 516]
Event: 19.211 Thread 0x000001d620802200 Exception <a 'sun/nio/fs/WindowsException'{0x000000008d37cbc8}> (0x000000008d37cbc8) 
thrown [s\src\hotspot\share\prims\jni.cpp, line 516]
Event: 19.219 Thread 0x000001d620802200 Exception <a 'sun/nio/fs/WindowsException'{0x000000008d3d1260}> (0x000000008d3d1260) 
thrown [s\src\hotspot\share\prims\jni.cpp, line 516]
Event: 19.381 Thread 0x000001d620802200 Exception <a 'sun/nio/fs/WindowsException'{0x000000008d26df30}> (0x000000008d26df30) 
thrown [s\src\hotspot\share\prims\jni.cpp, line 516]
Event: 19.384 Thread 0x000001d620802200 Exception <a 'sun/nio/fs/WindowsException'{0x000000008cfc25d8}> (0x000000008cfc25d8) 
thrown [s\src\hotspot\share\prims\jni.cpp, line 516]
Event: 19.674 Thread 0x000001d620802200 Exception <a 'sun/nio/fs/WindowsException'{0x000000008cb5f300}> (0x000000008cb5f300) 
thrown [s\src\hotspot\share\prims\jni.cpp, line 516]
Event: 19.678 Thread 0x000001d620802200 Exception <a 'sun/nio/fs/WindowsException'{0x000000008cbb3a58}> (0x000000008cbb3a58) 
thrown [s\src\hotspot\share\prims\jni.cpp, line 516]
Event: 19.684 Thread 0x000001d620802200 Exception <a 'sun/nio/fs/WindowsException'{0x000000008ca50878}> (0x000000008ca50878) 
thrown [s\src\hotspot\share\prims\jni.cpp, line 516]
Event: 19.688 Thread 0x000001d620802200 Exception <a 'sun/nio/fs/WindowsException'{0x000000008caa5000}> (0x000000008caa5000) 
thrown [s\src\hotspot\share\prims\jni.cpp, line 516]
Event: 19.724 Thread 0x000001d620802200 Exception <a 'sun/nio/fs/WindowsException'{0x000000008c942418}> (0x000000008c942418) 
thrown [s\src\hotspot\share\prims\jni.cpp, line 516]
Event: 19.874 Thread 0x000001d620802200 Exception <a 'sun/nio/fs/WindowsException'{0x000000008c996b00}> (0x000000008c996b00) 
thrown [s\src\hotspot\share\prims\jni.cpp, line 516]
Event: 19.880 Thread 0x000001d620802200 Exception <a 'sun/nio/fs/WindowsException'{0x000000008c4b3cb0}> (0x000000008c4b3cb0) 
thrown [s\src\hotspot\share\prims\jni.cpp, line 516]
Event: 19.884 Thread 0x000001d620802200 Exception <a 'sun/nio/fs/WindowsException'{0x000000008c308368}> (0x000000008c308368) 
thrown [s\src\hotspot\share\prims\jni.cpp, line 516]

VM Operations (20 events):
Event: 16.397 Executing VM operation: G1PauseRemark
Event: 16.403 Executing VM operation: G1PauseRemark done
Event: 16.487 Executing VM operation: G1PauseCleanup
Event: 16.488 Executing VM operation: G1PauseCleanup done
Event: 16.831 Executing VM operation: G1CollectForAllocation
Event: 16.831 Executing VM operation: G1CollectForAllocation done
Event: 16.831 Executing VM operation: G1CollectForAllocation
Event: 16.838 Executing VM operation: G1CollectForAllocation done
Event: 17.077 Executing VM operation: G1CollectForAllocation
Event: 17.088 Executing VM operation: G1CollectForAllocation done
Event: 17.370 Executing VM operation: G1CollectForAllocation
Event: 17.377 Executing VM operation: G1CollectForAllocation done
Event: 17.940 Executing VM operation: G1CollectForAllocation
Event: 17.950 Executing VM operation: G1CollectForAllocation done
Event: 18.456 Executing VM operation: HandshakeAllThreads
Event: 18.456 Executing VM operation: HandshakeAllThreads done
Event: 18.682 Executing VM operation: G1CollectForAllocation
Event: 18.692 Executing VM operation: G1CollectForAllocation done
Event: 19.718 Executing VM operation: Cleanup
Event: 19.724 Executing VM operation: Cleanup done

Events (20 events):
Event: 18.618 loading class sun/security/provider/EntropySource
Event: 18.618 loading class sun/security/provider/EntropySource done
Event: 18.619 loading class java/security/DrbgParameters$NextBytes
Event: 18.619 loading class java/security/DrbgParameters$NextBytes done
Event: 18.620 loading class sun/security/provider/AbstractDrbg$SeederHolder
Event: 18.620 loading class sun/security/provider/AbstractDrbg$SeederHolder done
Event: 18.620 loading class sun/security/provider/SeedGenerator
Event: 18.620 loading class sun/security/provider/SeedGenerator done
Event: 18.620 loading class sun/security/provider/NativeSeedGenerator
Event: 18.620 loading class sun/security/provider/NativeSeedGenerator done
Event: 18.633 loading class sun/security/provider/SHA
Event: 18.633 loading class sun/security/provider/SHA done
Event: 18.633 loading class sun/security/provider/SeedGenerator$1
Event: 18.633 loading class sun/security/provider/SeedGenerator$1 done
Event: 18.717 loading class java/net/NetworkInterface$1
Event: 18.717 loading class java/net/NetworkInterface$1 done
Event: 18.807 loading class sun/security/provider/AbstractDrbg$NonceProvider
Event: 18.807 loading class sun/security/provider/AbstractDrbg$NonceProvider done
Event: 18.827 loading class java/lang/NegativeArraySizeException
Event: 18.827 loading class java/lang/NegativeArraySizeException done


Dynamic libraries:
0x00007ff7ef510000 - 0x00007ff7ef51e000 	C:\Users\VTP\.gradle\jdks\eclipse_adoptium-17-amd64-windows\jdk-17.0.10+7\bin\java.exe
0x00007ff8dc7d0000 - 0x00007ff8dc9c8000 	C:\WINDOWS\SYSTEM32\ntdll.dll
0x00007ff8da9d0000 - 0x00007ff8daa8d000 	C:\WINDOWS\System32\KERNEL32.DLL
0x00007ff8da0c0000 - 0x00007ff8da3b6000 	C:\WINDOWS\System32\KERNELBASE.dll
0x00007ff8da5f0000 - 0x00007ff8da6f0000 	C:\WINDOWS\System32\ucrtbase.dll
0x00007ff8c6550000 - 0x00007ff8c6567000 	C:\Users\VTP\.gradle\jdks\eclipse_adoptium-17-amd64-windows\jdk-17.0.10+7\bin\jli.dll
0x00007ff8db5a0000 - 0x00007ff8db73f000 	C:\WINDOWS\System32\USER32.dll
0x00007ff8da3c0000 - 0x00007ff8da3e2000 	C:\WINDOWS\System32\win32u.dll
0x00007ff8dac10000 - 0x00007ff8dac3b000 	C:\WINDOWS\System32\GDI32.dll
0x00007ff8da440000 - 0x00007ff8da557000 	C:\WINDOWS\System32\gdi32full.dll
0x00007ff8da6f0000 - 0x00007ff8da78d000 	C:\WINDOWS\System32\msvcp_win.dll
0x00007ff8c6570000 - 0x00007ff8c658b000 	C:\Users\VTP\.gradle\jdks\eclipse_adoptium-17-amd64-windows\jdk-17.0.10+7\bin\VCRUNTIME140.dll
0x00007ff8c4d50000 - 0x00007ff8c4fea000 	C:\WINDOWS\WinSxS\amd64_microsoft.windows.common-controls_6595b64144ccf1df_6.0.19041.3636_none_60b6a03d71f818d5\COMCTL32.dll
0x00007ff8dab60000 - 0x00007ff8dabfe000 	C:\WINDOWS\System32\msvcrt.dll
0x00007ff8dafe0000 - 0x00007ff8db012000 	C:\WINDOWS\System32\IMM32.DLL
0x00007ff8d7600000 - 0x00007ff8d760c000 	C:\Users\VTP\.gradle\jdks\eclipse_adoptium-17-amd64-windows\jdk-17.0.10+7\bin\vcruntime140_1.dll
0x00007ff8b19c0000 - 0x00007ff8b1a4d000 	C:\Users\VTP\.gradle\jdks\eclipse_adoptium-17-amd64-windows\jdk-17.0.10+7\bin\msvcp140.dll
0x00007ff898f80000 - 0x00007ff899be2000 	C:\Users\VTP\.gradle\jdks\eclipse_adoptium-17-amd64-windows\jdk-17.0.10+7\bin\server\jvm.dll
0x00007ff8dbf00000 - 0x00007ff8dbfb0000 	C:\WINDOWS\System32\ADVAPI32.dll
0x00007ff8db9f0000 - 0x00007ff8dba90000 	C:\WINDOWS\System32\sechost.dll
0x00007ff8daca0000 - 0x00007ff8dadc3000 	C:\WINDOWS\System32\RPCRT4.dll
0x00007ff8d9e80000 - 0x00007ff8d9ea7000 	C:\WINDOWS\System32\bcrypt.dll
0x00007ff8d9c30000 - 0x00007ff8d9c7b000 	C:\WINDOWS\SYSTEM32\POWRPROF.dll
0x00007ff8d75c0000 - 0x00007ff8d75c9000 	C:\WINDOWS\SYSTEM32\WSOCK32.dll
0x00007ff8dc720000 - 0x00007ff8dc78b000 	C:\WINDOWS\System32\WS2_32.dll
0x00007ff8cd360000 - 0x00007ff8cd36a000 	C:\WINDOWS\SYSTEM32\VERSION.dll
0x00007ff8c6860000 - 0x00007ff8c6887000 	C:\WINDOWS\SYSTEM32\WINMM.dll
0x00007ff8d9c10000 - 0x00007ff8d9c22000 	C:\WINDOWS\SYSTEM32\UMPDC.dll
0x00007ff8d7c30000 - 0x00007ff8d7c42000 	C:\WINDOWS\SYSTEM32\kernel.appcore.dll
0x00007ff8ceaa0000 - 0x00007ff8ceaaa000 	C:\Users\VTP\.gradle\jdks\eclipse_adoptium-17-amd64-windows\jdk-17.0.10+7\bin\jimage.dll
0x00007ff8cb1f0000 - 0x00007ff8cb3d4000 	C:\WINDOWS\SYSTEM32\DBGHELP.DLL
0x00007ff8cb0e0000 - 0x00007ff8cb114000 	C:\WINDOWS\SYSTEM32\dbgcore.DLL
0x00007ff8da560000 - 0x00007ff8da5e2000 	C:\WINDOWS\System32\bcryptPrimitives.dll
0x00007ff8c6520000 - 0x00007ff8c6545000 	C:\Users\VTP\.gradle\jdks\eclipse_adoptium-17-amd64-windows\jdk-17.0.10+7\bin\java.dll
0x00007ff8ad280000 - 0x00007ff8ad357000 	C:\Users\VTP\.gradle\jdks\eclipse_adoptium-17-amd64-windows\jdk-17.0.10+7\bin\jsvml.dll
0x00007ff8dbfb0000 - 0x00007ff8dc71b000 	C:\WINDOWS\System32\SHELL32.dll
0x00007ff8d7f10000 - 0x00007ff8d86ae000 	C:\WINDOWS\SYSTEM32\windows.storage.dll
0x00007ff8db190000 - 0x00007ff8db4e3000 	C:\WINDOWS\System32\combase.dll
0x00007ff8d97e0000 - 0x00007ff8d980e000 	C:\WINDOWS\SYSTEM32\Wldp.dll
0x00007ff8daa90000 - 0x00007ff8dab5d000 	C:\WINDOWS\System32\OLEAUT32.dll
0x00007ff8da800000 - 0x00007ff8da8ad000 	C:\WINDOWS\System32\SHCORE.dll
0x00007ff8da930000 - 0x00007ff8da985000 	C:\WINDOWS\System32\shlwapi.dll
0x00007ff8d9db0000 - 0x00007ff8d9dd3000 	C:\WINDOWS\SYSTEM32\profapi.dll
0x00007ff8c64b0000 - 0x00007ff8c64c9000 	C:\Users\VTP\.gradle\jdks\eclipse_adoptium-17-amd64-windows\jdk-17.0.10+7\bin\net.dll
0x00007ff8cecd0000 - 0x00007ff8cedda000 	C:\WINDOWS\SYSTEM32\WINHTTP.dll
0x00007ff8d9540000 - 0x00007ff8d95aa000 	C:\WINDOWS\system32\mswsock.dll
0x00007ff8becd0000 - 0x00007ff8bece6000 	C:\Users\VTP\.gradle\jdks\eclipse_adoptium-17-amd64-windows\jdk-17.0.10+7\bin\nio.dll
0x00007ff8becb0000 - 0x00007ff8becc8000 	C:\Users\VTP\.gradle\jdks\eclipse_adoptium-17-amd64-windows\jdk-17.0.10+7\bin\zip.dll
0x00007ff8c64a0000 - 0x00007ff8c64b0000 	C:\Users\VTP\.gradle\jdks\eclipse_adoptium-17-amd64-windows\jdk-17.0.10+7\bin\verify.dll
0x00007ff8d75f0000 - 0x00007ff8d75f9000 	C:\Users\VTP\.gradle\jdks\eclipse_adoptium-17-amd64-windows\jdk-17.0.10+7\bin\management.dll
0x00007ff8d3d10000 - 0x00007ff8d3d1b000 	C:\Users\VTP\.gradle\jdks\eclipse_adoptium-17-amd64-windows\jdk-17.0.10+7\bin\management_ext.dll
0x00007ff8da9c0000 - 0x00007ff8da9c8000 	C:\WINDOWS\System32\PSAPI.DLL
0x00007ff8a8870000 - 0x00007ff8a8887000 	C:\WINDOWS\system32\napinsp.dll
0x00007ff8a97f0000 - 0x00007ff8a980b000 	C:\WINDOWS\system32\pnrpnsp.dll
0x00007ff8d4b50000 - 0x00007ff8d4b65000 	C:\WINDOWS\system32\wshbth.dll
0x00007ff8d57c0000 - 0x00007ff8d57dd000 	C:\WINDOWS\system32\NLAapi.dll
0x00007ff8d9220000 - 0x00007ff8d925b000 	C:\WINDOWS\SYSTEM32\IPHLPAPI.DLL
0x00007ff8d9260000 - 0x00007ff8d932b000 	C:\WINDOWS\SYSTEM32\DNSAPI.dll
0x00007ff8dac00000 - 0x00007ff8dac08000 	C:\WINDOWS\System32\NSI.dll
0x00007ff8aa5c0000 - 0x00007ff8aa5d2000 	C:\WINDOWS\System32\winrnr.dll
0x00007ff8ce4f0000 - 0x00007ff8ce4fa000 	C:\Windows\System32\rasadhlp.dll
0x00007ff8cdfc0000 - 0x00007ff8ce040000 	C:\WINDOWS\System32\fwpuclnt.dll
0x00007ff8ace60000 - 0x00007ff8aced5000 	C:\Users\VTP\AppData\Local\Temp\lwjglVTP\3.3.1-build-7\lwjgl.dll
0x00007ff8b11c0000 - 0x00007ff8b1221000 	C:\Users\VTP\AppData\Local\Temp\lwjglVTP\3.3.1-build-7\glfw.dll
0x00007ff8b98f0000 - 0x00007ff8b9935000 	C:\WINDOWS\SYSTEM32\dinput8.dll
0x00007ff8ce810000 - 0x00007ff8ce821000 	C:\WINDOWS\SYSTEM32\xinput1_4.dll
0x00007ff8da3f0000 - 0x00007ff8da43e000 	C:\WINDOWS\System32\cfgmgr32.dll
0x00007ff8d9ba0000 - 0x00007ff8d9bd3000 	C:\WINDOWS\SYSTEM32\DEVOBJ.dll
0x00007ff8d7c00000 - 0x00007ff8d7c2f000 	C:\WINDOWS\SYSTEM32\dwmapi.dll
0x00007ff8d7840000 - 0x00007ff8d78de000 	C:\WINDOWS\system32\uxtheme.dll
0x00007ff8c60c0000 - 0x00007ff8c6212000 	C:\WINDOWS\SYSTEM32\inputhost.dll
0x00007ff8d7350000 - 0x00007ff8d7442000 	C:\WINDOWS\SYSTEM32\CoreMessaging.dll
0x00007ff8d59c0000 - 0x00007ff8d5ab6000 	C:\WINDOWS\SYSTEM32\PROPSYS.dll
0x00007ff8d5b40000 - 0x00007ff8d5c97000 	C:\WINDOWS\SYSTEM32\wintypes.dll
0x00007ff8d6c70000 - 0x00007ff8d6fcb000 	C:\WINDOWS\SYSTEM32\CoreUIComponents.dll
0x00007ff8d8f80000 - 0x00007ff8d8fb3000 	C:\WINDOWS\SYSTEM32\ntmarta.dll
0x00007ff8db870000 - 0x00007ff8db985000 	C:\WINDOWS\System32\MSCTF.dll
0x00007ff8c0cc0000 - 0x00007ff8c0de5000 	C:\WINDOWS\SYSTEM32\opengl32.dll
0x00007ff8c8600000 - 0x00007ff8c862c000 	C:\WINDOWS\SYSTEM32\GLU32.dll
0x00007ff8db4f0000 - 0x00007ff8db599000 	C:\WINDOWS\System32\clbcatq.dll
0x00007ff898260000 - 0x00007ff898f77000 	C:\WINDOWS\SYSTEM32\ig8icd64.dll
0x00007ff8d5b20000 - 0x00007ff8d5b34000 	C:\WINDOWS\SYSTEM32\WTSAPI32.dll
0x00007ff8ceee0000 - 0x00007ff8cf920000 	C:\WINDOWS\SYSTEM32\igdusc64.dll
0x00007ff8d0fc0000 - 0x00007ff8d0ffb000 	C:\WINDOWS\SYSTEM32\dxcore.dll
0x00007ff8d8710000 - 0x00007ff8d8803000 	C:\WINDOWS\SYSTEM32\dxgi.dll
0x00007ff8d6250000 - 0x00007ff8d64b3000 	C:\WINDOWS\SYSTEM32\d3d11.dll
0x00007ff8cf9f0000 - 0x00007ff8d08bb000 	C:\WINDOWS\SYSTEM32\igd10iumd64.dll
0x00007ff8d9850000 - 0x00007ff8d9878000 	C:\WINDOWS\SYSTEM32\ncrypt.dll
0x00007ff8d7670000 - 0x00007ff8d7700000 	C:\WINDOWS\SYSTEM32\apphelp.dll
0x00007ff8d9810000 - 0x00007ff8d984b000 	C:\WINDOWS\SYSTEM32\NTASN1.dll
0x00007ff8a0230000 - 0x00007ff8a0489000 	C:\Users\VTP\AppData\Local\Temp\lwjglVTP\3.3.1-build-7\jemalloc.dll
0x00007ff8abcf0000 - 0x00007ff8abd71000 	C:\Users\VTP\AppData\Local\Temp\lwjglVTP\3.3.1-build-7\lwjgl_stb.dll
0x00007ff8cc780000 - 0x00007ff8cc879000 	C:\WINDOWS\SYSTEM32\textinputframework.dll
0x00007ff8a3cc0000 - 0x00007ff8a3d1d000 	C:\Users\VTP\AppData\Local\Temp\lwjglVTP\3.3.1-build-7\lwjgl_opengl.dll
0x00007ff8b6fd0000 - 0x00007ff8b7019000 	C:\WINDOWS\SYSTEM32\pdh.dll
0x00007ff8d3d00000 - 0x00007ff8d3d0f000 	C:\WINDOWS\System32\perfproc.dll
0x00007ff8b8f50000 - 0x00007ff8b8f5f000 	C:\WINDOWS\System32\perfos.dll
0x00007ff8d9730000 - 0x00007ff8d9748000 	C:\WINDOWS\SYSTEM32\CRYPTSP.dll
0x00007ff8d8e60000 - 0x00007ff8d8e94000 	C:\WINDOWS\system32\rsaenh.dll
0x00007ff8d9d30000 - 0x00007ff8d9d5e000 	C:\WINDOWS\SYSTEM32\USERENV.dll
0x00007ff8d9750000 - 0x00007ff8d975c000 	C:\WINDOWS\SYSTEM32\CRYPTBASE.dll
0x00007ff8d2680000 - 0x00007ff8d2697000 	C:\WINDOWS\SYSTEM32\dhcpcsvc6.DLL
0x00007ff8d2640000 - 0x00007ff8d265d000 	C:\WINDOWS\SYSTEM32\dhcpcsvc.DLL
0x00007ff8bba10000 - 0x00007ff8bba50000 	C:\Users\VTP\AppData\Local\Temp\jna-85330\jna4090864536587685209.dll
0x00007ff8db740000 - 0x00007ff8db86b000 	C:\WINDOWS\System32\Ole32.dll
0x00007ff8cd400000 - 0x00007ff8cd41f000 	C:\WINDOWS\SYSTEM32\amsi.dll

dbghelp: loaded successfully - version: 4.0.5 - missing functions: none
symbol engine: initialized successfully - sym options: 0x614 - pdb path: .;C:\Users\VTP\.gradle\jdks\eclipse_adoptium-17-amd64-windows\jdk-17.0.10+7\bin;C:\WINDOWS\SYSTEM32;C:\WINDOWS\WinSxS\amd64_microsoft.windows.common-controls_6595b64144ccf1df_6.0.19041.3636_none_60b6a03d71f818d5;C:\Users\VTP\.gradle\jdks\eclipse_adoptium-17-amd64-windows\jdk-17.0.10+7\bin\server;C:\Users\VTP\AppData\Local\Temp\lwjglVTP\3.3.1-build-7;C:\Users\VTP\AppData\Local\Temp\jna-85330

VM Arguments:
jvm_args: -Dforge.enableGameTest=true -Dforge.enabledGameTestNamespaces=energynotincluded -Dforge.logging.console.level=debug -Dforge.logging.markers=REGISTRIES -DignoreList=bootstraplauncher,securejarhandler,asm-commons,asm-util,asm-analysis,asm-tree,asm,JarJarFileSystems,client-extra,fmlcore,javafmllanguage,lowcodelanguage,mclanguage,forge- -Djava.net.preferIPv6Addresses=system -DlegacyClassPath.file=C:\Users\VTP\Desktop\mdk\build\classpath\runClient_minecraftClasspath.txt -DmergeModules=jna-5.10.0.jar,jna-platform-5.10.0.jar --module-path=C:\Users\VTP\.gradle\caches\modules-2\files-2.1\cpw.mods\bootstraplauncher\1.1.2\c546e00443d8432cda6baa1c860346980742628\bootstraplauncher-1.1.2.jar;C:\Users\VTP\.gradle\caches\modules-2\files-2.1\cpw.mods\securejarhandler\2.1.10\51e6a22c6c716beb11e244bf5b8be480f51dd6b5\securejarhandler-2.1.10.jar;C:\Users\VTP\.gradle\caches\modules-2\files-2.1\org.ow2.asm\asm-commons\9.5\19ab5b5800a3910d30d3a3e64fdb00fd0cb42de0\asm-commons-9.5.jar;C:\Users\VTP\.gradle\caches\modules-2\files-2.1\org.ow2.asm\asm-util\9.5\64b5a1fc8c1b15ed2efd6a063e976bc8d3dc5ffe\asm-util-9.5.jar;C:\Users\VTP\.gradle\caches\modules-2\files-2.1\org.ow2.asm\asm-analysis\9.5\490bacc77de7cbc0be1a30bb3471072d705be4a4\asm-analysis-9.5.jar;C:\Users\VTP\.gradle\caches\modules-2\files-2.1\org.ow2.asm\asm-tree\9.5\fd33c8b6373abaa675be407082fdfda35021254a\asm-tree-9.5.jar;C:\Users\VTP\.gradle\caches\modules-2\files-2.1\org.ow2.asm\asm\9.5\dc6ea1875f4d64fbc85e1691c95b96a3d8569c90\asm-9.5.jar;C:\Users\VTP\.gradle\caches\modules-2\files-2.1\net.minecraftforge\JarJarFileSystems\0.3.19\2464eb7d6b9ddb9db36a82cf8a95193e5c6fe020\JarJarFileSystems-0.3.19.jar --add-modules=ALL-MODULE-PATH --add-opens=java.base/java.util.jar=cpw.mods.securejarhandler --add-opens=java.base/java.lang.invoke=cpw.mods.securejarhandler --add-exports=java.base/sun.security.util=cpw.mods.securejarhandler --add-exports=jdk.naming.dns/com.sun.jndi.dns=java.naming -XX:HeapDumpPath=MojangTricksIntelDriversForPerformance_javaw.exe_minecraft.exe.heapdump -Dfile.encoding=windows-1252 -Duser.country=US -Duser.language=en -Duser.variant 
java_command: cpw.mods.bootstraplauncher.BootstrapLauncher --launchTarget forgeclientuserdev --version MOD_DEV --assetIndex 5 --assetsDir C:\Users\VTP\.gradle\caches\forge_gradle\assets --gameDir . --fml.forgeVersion 47.0.19 --fml.mcVersion 1.20.1 --fml.forgeGroup net.minecraftforge --fml.mcpVersion 20230612.114412
java_class_path (initial): C:\Users\VTP\Desktop\mdk\build\sourcesSets\main;C:\Users\VTP\.gradle\caches\forge_gradle\minecraft_user_repo\net\minecraftforge\forge\1.20.1-47.0.19_mapped_parchment_2023.09.03-1.20.1\forge-1.20.1-47.0.19_mapped_parchment_2023.09.03-1.20.1.jar;C:\Users\VTP\.gradle\caches\forge_gradle\deobf_dependencies\mezz\jei\jei-1.20.1-forge\15.3.0.4_mapped_parchment_2023.09.03-1.20.1\jei-1.20.1-forge-15.3.0.4_mapped_parchment_2023.09.03-1.20.1.jar;C:\Users\VTP\.gradle\caches\forge_gradle\minecraft_repo\versions\1.20.1\client-extra.jar;C:\Users\VTP\.gradle\caches\modules-2\files-2.1\net.minecraftforge\fmlearlydisplay\1.20.1-47.0.19\553be3670c16dc98b9f6dbf3df5468d9652c3e2c\fmlearlydisplay-1.20.1-47.0.19.jar;C:\Users\VTP\.gradle\caches\modules-2\files-2.1\net.minecraftforge\javafmllanguage\1.20.1-47.0.19\11325ab7cc62ad123c202b63216724c0a9af1a21\javafmllanguage-1.20.1-47.0.19.jar;C:\Users\VTP\.gradle\caches\modules-2\files-2.1\net.minecraftforge\lowcodelanguage\1.20.1-47.0.19\43bcf9e8002338c09b0f793771f6471e5fb74dd7\lowcodelanguage-1.20.1-47.0.19.jar;C:\Users\VTP\.gradle\caches\modules-2\files-2.1\net.minecraftforge\mclanguage\1.20.1-47.0.19\9ad401a1888591fa336b5685d1572aa4387cf31d\mclanguage-1.20.1-47.0.19.jar;C:\Users\VTP\.gradle\caches\modules-2\files-2.1\net.minecraftforge\fmlcore\1.20.1-47.0.19\fb98a8fe718272b2822fb1798215d25e97ce84e6\fmlcore-1.20.1-47.0.19.jar;C:\Users\VTP\.gradle\caches\modules-2\files-2.1\net.minecraftforge\fmlloader\1.20.1-47.0.19\86f0ecb6377e921868787a6203b54364440cfb75\fmlloader-1.20.1-47.0.19.jar;C:\Users\VTP\.gradle\caches\modules-2\files-2.1\net.minecraftforge\JarJarSelector\0.3.19\376cc9c8ea60720cf027c01fc033de915699801c\JarJarSelector-0.3.19.jar;C:\Users\VTP\.gradle\caches\modules-2\files-2.1\net.minecraftforge\JarJarMetadata\0.3.19\83feaa9b770e6ac0e96ee4fc23fa89325c5fe2\JarJarMetadata-0.3.19.jar;C:\Users\VTP\.gradle\caches\modules-2\files-2.1\com.google.guava\guava\31.1-jre\60458f877d055d0c9114d9e1a2efb737b4bc282c\guava-
Launcher Type: SUN_STANDARD

[Global flags]
     intx CICompilerCount                          = 3                                         {product} {ergonomic}
     uint ConcGCThreads                            = 1                                         {product} {ergonomic}
     uint G1ConcRefinementThreads                  = 4                                         {product} {ergonomic}
   size_t G1HeapRegionSize                         = 1048576                                   {product} {ergonomic}
    uintx GCDrainStackTargetSize                   = 64                                        {product} {ergonomic}
    ccstr HeapDumpPath                             = MojangTricksIntelDriversForPerformance_javaw.exe_minecraft.exe.heapdump         {manageable} {command line}
   size_t InitialHeapSize                          = 134217728                                 {product} {ergonomic}
   size_t MarkStackSize                            = 4194304                                   {product} {ergonomic}
   size_t MaxHeapSize                              = 2124414976                                {product} {ergonomic}
   size_t MaxNewSize                               = 1274019840                                {product} {ergonomic}
   size_t MinHeapDeltaBytes                        = 1048576                                   {product} {ergonomic}
   size_t MinHeapSize                              = 8388608                                   {product} {ergonomic}
    uintx NonNMethodCodeHeapSize                   = 5832780                                {pd product} {ergonomic}
    uintx NonProfiledCodeHeapSize                  = 122912730                              {pd product} {ergonomic}
    uintx ProfiledCodeHeapSize                     = 122912730                              {pd product} {ergonomic}
    uintx ReservedCodeCacheSize                    = 251658240                              {pd product} {ergonomic}
     bool SegmentedCodeCache                       = true                                      {product} {ergonomic}
   size_t SoftMaxHeapSize                          = 2124414976                             {manageable} {ergonomic}
     bool UseCompressedClassPointers               = true                           {product lp64_product} {ergonomic}
     bool UseCompressedOops                        = true                           {product lp64_product} {ergonomic}
     bool UseG1GC                                  = true                                      {product} {ergonomic}
     bool UseLargePagesIndividualAllocation        = false                                  {pd product} {ergonomic}

Logging:
Log output configuration:
 #0: stdout all=warning uptime,level,tags
 #1: stderr all=off uptime,level,tags

Environment Variables:
JAVA_HOME=C:\Program Files\Eclipse Adoptium\jdk-22.0.0.36-hotspot\
PATH=C:\Program Files\Eclipse Adoptium\jdk-22.0.0.36-hotspot\bin;C:\Program Files\Eclipse Adoptium\jdk-21.0.2.13-hotspot\bin;C:\Program Files\Common Files\Oracle\Java\javapath;C:\Program Files (x86)\Common Files\Oracle\Java\java8path;C:\Program Files (x86)\Common Files\Oracle\Java\javapath;C:\WINDOWS\system32;C:\WINDOWS;C:\WINDOWS\System32\Wbem;C:\WINDOWS\System32\WindowsPowerShell\v1.0\;C:\WINDOWS\System32\OpenSSH\;C:\Program Files\dotnet\;C:\Program Files\Git\cmd;C:\Users\VTP\AppData\Local\Microsoft\WindowsApps;C:\Users\VTP\.dotnet\tools;C:\Users\VTP\AppData\Local\Programs\Microsoft VS Code\bin;C:\Users\VTP\AppData\Local\GitHubDesktop\bin
USERNAME=VTP
OS=Windows_NT
PROCESSOR_IDENTIFIER=Intel64 Family 6 Model 61 Stepping 4, GenuineIntel
TMP=C:\Users\VTP\AppData\Local\Temp
TEMP=C:\Users\VTP\AppData\Local\Temp



Periodic native trim disabled


---------------  S Y S T E M  ---------------

OS:
 Windows 10 , 64 bit Build 19041 (10.0.19041.3636)
OS uptime: 2 days 3:54 hours

CPU: total 4 (initial active 4) (2 cores per cpu, 2 threads per core) family 6 model 61 stepping 4 microcode 0x2d, cx8, cmov, fxsr, ht, mmx, 3dnowpref, sse, sse2, sse3, ssse3, sse4.1, sse4.2, popcnt, lzcnt, tsc, tscinvbit, avx, avx2, aes, erms, clmul, bmi1, bmi2, adx, fma, vzeroupper, clflush
Processor Information for all 4 processors :
  Max Mhz: 2201, Current Mhz: 2201, Mhz Limit: 2201

Memory: 4k page, system-wide physical 8101M (1124M free)
TotalPageFile size 17829M (AvailPageFile size 7565M)
current process WorkingSet (physical memory assigned to process): 486M, peak: 487M
current process commit charge ("private bytes"): 529M, peak: 533M

vm_info: OpenJDK 64-Bit Server VM (17.0.10+7) for windows-amd64 JRE (17.0.10+7), built on Jan 16 2024 23:25:11 by "admin" with MS VC++ 16.10 / 16.11 (VS2019)

END.
